<?xml version="1.0" encoding="utf-8"?><testsuites name="pytest tests"><testsuite name="pytest" errors="0" failures="0" skipped="0" tests="10" time="9.406" timestamp="2026-07-05T03:06:24.998964+00:00" hostname="agent-env-976cce11-b100-48fa-b99d-5983e8b09c7b"><testcase classname="tests.test_danger_zone.TestOtpDevFallback" name="test_send_otp_returns_dev_code_when_msg91_empty" time="0.146" /><testcase classname="tests.test_danger_zone.TestOtpDevFallback" name="test_verify_otp_accepts_123456_in_dev_fallback" time="0.195" /><testcase classname="tests.test_danger_zone.TestEmptyAppDataAuthAndValidation" name="test_empty_requires_auth" time="0.098" /><testcase classname="tests.test_danger_zone.TestEmptyAppDataAuthAndValidation" name="test_empty_wrong_confirmation_returns_400" time="0.425" /><testcase classname="tests.test_danger_zone.TestEmptyAppDataEffect" name="test_full_flow" time="3.469" /><testcase classname="tests.test_danger_zone.TestSoftDeleteUser" name="test_wrong_confirmation_returns_400" time="1.001" /><testcase classname="tests.test_danger_zone.TestSoftDeleteUser" name="test_cannot_delete_company_root" time="0.427" /><testcase classname="tests.test_danger_zone.TestSoftDeleteUser" name="test_cannot_delete_admin" time="0.432" /><testcase classname="tests.test_danger_zone.TestSoftDeleteUser" name="test_soft_delete_frees_mobile_preserves_downline" time="2.246" /><testcase classname="tests.test_danger_zone.TestPasswordLoginPostWipe" name="test_register_then_login" time="0.882" /></testsuite></testsuites>