<?xml version="1.0" encoding="utf-8"?><testsuites name="pytest tests"><testsuite name="pytest" errors="0" failures="0" skipped="0" tests="8" time="6.776" timestamp="2026-07-05T03:55:27.387983+00:00" hostname="agent-env-976cce11-b100-48fa-b99d-5983e8b09c7b"><testcase classname="tests.test_iter20_batch.TestNotificationsRealtime" name="test_unread_count_endpoint_shape" time="1.406" /><testcase classname="tests.test_iter20_batch.TestGranularDeleteUser" name="test_only_notifications_scope_wiped" time="2.443" /><testcase classname="tests.test_iter20_batch.TestNotificationsRealtime" name="test_broadcast_reflects_on_unread_count" time="1.359" /><testcase classname="tests.test_iter20_batch.TestGranularDeleteUser" name="test_default_referral_tree_preserved" time="1.529" /><testcase classname="tests.test_iter20_batch.TestNotificationsRealtime" name="test_no_duplicate_rows_per_broadcast" time="1.327" /><testcase classname="tests.test_iter20_batch.TestGranularDeleteUser" name="test_wipe_all_scopes" time="1.377" /><testcase classname="tests.test_iter20_batch.TestBannerDelete" name="test_create_then_delete_banner" time="1.139" /><testcase classname="tests.test_iter20_batch.TestGranularDeleteUser" name="test_user_vanishes_from_admin_list" time="1.074" /></testsuite></testsuites>