<?xml version="1.0" encoding="utf-8"?><testsuites><testsuite name="pytest" errors="0" failures="0" skipped="1" tests="17" time="8.865" timestamp="2026-07-16T15:00:20.397484+00:00" hostname="agent-env-976cce11-b100-48fa-b99d-5983e8b09c7b"><testcase classname="tests.test_iter26_payment_type_and_subscriptions.TestAdminProgramPaymentType" name="test_free_program_forces_price_zero_and_not_subscription" time="1.185" /><testcase classname="tests.test_iter26_payment_type_and_subscriptions.TestAdminProgramPaymentType" name="test_one_time_program_keeps_price" time="0.112" /><testcase classname="tests.test_iter26_payment_type_and_subscriptions.TestAdminProgramPaymentType" name="test_subscription_program_requires_frequency" time="0.140" /><testcase classname="tests.test_iter26_payment_type_and_subscriptions.TestFreeEnrolment" name="test_enrol_free_success" time="1.452" /><testcase classname="tests.test_iter26_payment_type_and_subscriptions.TestAdminProgramPaymentType" name="test_subscription_program_with_frequency_succeeds" time="0.105" /><testcase classname="tests.test_iter26_payment_type_and_subscriptions.TestFreeEnrolment" name="test_enrol_free_second_call_returns_409" time="0.126" /><testcase classname="tests.test_iter26_payment_type_and_subscriptions.TestAdminProgramPaymentType" name="test_update_one_time_to_free_sets_price_zero" time="0.248" /><testcase classname="tests.test_iter26_payment_type_and_subscriptions.TestFreeEnrolment" name="test_enrol_free_on_non_free_returns_400" time="0.252" /><testcase classname="tests.test_iter26_payment_type_and_subscriptions.TestAdminProgramPaymentType" name="test_update_one_time_to_subscription_needs_frequency" time="0.245" /><testcase classname="tests.test_iter26_payment_type_and_subscriptions.TestFreeEnrolment" name="test_my_enrolments_returns_row" time="0.099" /><testcase classname="tests.test_iter26_payment_type_and_subscriptions.TestFreeEnrolment" name="test_program_status_free_has_access" time="0.111" /><testcase classname="tests.test_iter26_payment_type_and_subscriptions.TestReferralAudit" name="test_referral_audit_json_pass" time="0.355" /><testcase classname="tests.test_iter26_payment_type_and_subscriptions.TestReferralAudit" name="test_referral_audit_pdf" time="0.234" /><testcase classname="tests.test_iter26_payment_type_and_subscriptions.TestSubscriptionFlow" name="test_subscription_init" time="3.553" /><testcase classname="tests.test_iter26_payment_type_and_subscriptions.TestReferralAudit" name="test_brv_still_all_pass" time="4.169" /><testcase classname="tests.test_iter26_payment_type_and_subscriptions.TestSubscriptionFlow" name="test_subscription_init_dup_returns_409" time="1.175" /><testcase classname="tests.test_iter26_payment_type_and_subscriptions.TestSubscriptionFlow" name="test_subscription_cancel" time="1.694"><skipped type="pytest.skip" message="Live razorpay cancel failed">/app/backend/tests/test_iter26_payment_type_and_subscriptions.py:299: Live razorpay cancel failed</skipped></testcase></testsuite></testsuites>