<?xml version="1.0" encoding="utf-8"?><testsuites><testsuite name="pytest" errors="0" failures="0" skipped="0" tests="24" time="4.856" timestamp="2026-07-05T12:03:57.644166+00:00" hostname="agent-env-976cce11-b100-48fa-b99d-5983e8b09c7b"><testcase classname="tests.test_iter21_programs_media.TestAdminReadCatalog" name="test_admin_can_list_programs" time="0.467" /><testcase classname="tests.test_iter21_programs_media.TestAdminReadCatalog" name="test_admin_can_list_categories" time="0.083" /><testcase classname="tests.test_iter21_programs_media.TestAdminReadCatalog" name="test_admin_can_list_modules" time="0.089" /><testcase classname="tests.test_iter21_programs_media.TestAdminReadCatalog" name="test_user_can_list_programs" time="0.669" /><testcase classname="tests.test_iter21_programs_media.TestAdminReadCatalog" name="test_user_does_not_see_inactive_programs" time="0.298" /><testcase classname="tests.test_iter21_programs_media.TestAdminReadCatalog" name="test_get_without_token_returns_401" time="0.077" /><testcase classname="tests.test_iter21_programs_media.TestProgramsCRUD" name="test_create_program" time="0.078" /><testcase classname="tests.test_iter21_programs_media.TestProgramsCRUD" name="test_create_program_duplicate_slug_returns_409" time="0.077" /><testcase classname="tests.test_iter21_programs_media.TestProgramsCRUD" name="test_get_program_by_id_as_admin" time="0.075" /><testcase classname="tests.test_iter21_programs_media.TestProgramsCRUD" name="test_update_program_and_persist" time="0.165" /><testcase classname="tests.test_iter21_programs_media.TestProgramsCRUD" name="test_deactivate_and_activate" time="0.176" /><testcase classname="tests.test_iter21_programs_media.TestProgramsCRUD" name="test_soft_delete_program" time="0.242" /><testcase classname="tests.test_iter21_programs_media.TestModulesCRUD" name="test_create_module" time="0.195" /><testcase classname="tests.test_iter21_programs_media.TestModulesCRUD" name="test_duplicate_module_number_returns_409" time="0.085" /><testcase classname="tests.test_iter21_programs_media.TestModulesCRUD" name="test_list_modules_by_program" time="0.084" /><testcase classname="tests.test_iter21_programs_media.TestModulesCRUD" name="test_swap_reorder_pattern" time="0.329" /><testcase classname="tests.test_iter21_programs_media.TestModulesCRUD" name="test_delete_module" time="0.239" /><testcase classname="tests.test_iter21_programs_media.TestUploads" name="test_upload_png" time="0.080" /><testcase classname="tests.test_iter21_programs_media.TestUploads" name="test_upload_pdf" time="0.083" /><testcase classname="tests.test_iter21_programs_media.TestUploads" name="test_upload_mp3" time="0.079" /><testcase classname="tests.test_iter21_programs_media.TestUploads" name="test_get_upload_serves_file" time="0.085" /><testcase classname="tests.test_iter21_programs_media.TestUploads" name="test_delete_upload" time="0.233" /><testcase classname="tests.test_iter21_programs_media.TestUploads" name="test_list_uploads" time="0.083" /><testcase classname="tests.test_iter21_programs_media.TestUploads" name="test_upload_unauthorized" time="0.657" /></testsuite></testsuites>