<?xml version="1.0" encoding="utf-8"?><testsuites><testsuite name="pytest" errors="0" failures="0" skipped="0" tests="20" time="44.467" timestamp="2026-07-19T15:45:58.581535+00:00" hostname="agent-env-976cce11-b100-48fa-b99d-5983e8b09c7b"><testcase classname="tests.test_iter30_subscription_v2.TestAdminProgramFrequency" name="test_create_subscription_program_each_frequency[monthly]" time="8.880" /><testcase classname="tests.test_iter30_subscription_v2.TestAdminProgramFrequency" name="test_create_subscription_program_each_frequency[quarterly]" time="0.215" /><testcase classname="tests.test_iter30_subscription_v2.TestAdminProgramFrequency" name="test_create_subscription_program_each_frequency[half_yearly]" time="0.219" /><testcase classname="tests.test_iter30_subscription_v2.TestAdminProgramFrequency" name="test_create_subscription_program_each_frequency[yearly]" time="15.224" /><testcase classname="tests.test_iter30_subscription_v2.TestInitEachFrequency" name="test_init_mock[monthly]" time="17.387" /><testcase classname="tests.test_iter30_subscription_v2.TestInitEachFrequency" name="test_init_mock[quarterly]" time="12.059" /><testcase classname="tests.test_iter30_subscription_v2.TestAdminProgramFrequency" name="test_unknown_frequency_rejected" time="0.119" /><testcase classname="tests.test_iter30_subscription_v2.TestCycleMath" name="test_verify_cycle_days_and_total_count[monthly-30-60]" time="16.133" /><testcase classname="tests.test_iter30_subscription_v2.TestInitEachFrequency" name="test_init_mock[half_yearly]" time="4.010" /><testcase classname="tests.test_iter30_subscription_v2.TestInitEachFrequency" name="test_init_mock[yearly]" time="0.885" /><testcase classname="tests.test_iter30_subscription_v2.TestRegressionOneTime" name="test_one_time_order_and_verify" time="0.993" /><testcase classname="tests.test_iter30_subscription_v2.TestRegressionOneTime" name="test_free_enrol" time="0.861" /><testcase classname="tests.test_iter30_subscription_v2.TestReuseAndFreshAfterCancel" name="test_reuse_then_fresh_after_cancel" time="1.239" /><testcase classname="tests.test_iter30_subscription_v2.TestCancelActive" name="test_active_cancel_uses_cycle_end" time="1.132" /><testcase classname="tests.test_iter30_subscription_v2.TestWebhookCharged" name="test_webhook_creates_and_is_idempotent" time="3.289" /><testcase classname="tests.test_iter30_subscription_v2.TestCycleMath" name="test_verify_cycle_days_and_total_count[quarterly-90-40]" time="1.100" /><testcase classname="tests.test_iter30_subscription_v2.TestFriendlyError" name="test_helper_maps_not_authorized" time="0.000" /><testcase classname="tests.test_iter30_subscription_v2.TestWebhookCoverage" name="test_returns_9_events" time="0.103" /><testcase classname="tests.test_iter30_subscription_v2.TestCycleMath" name="test_verify_cycle_days_and_total_count[half_yearly-180-20]" time="1.100" /><testcase classname="tests.test_iter30_subscription_v2.TestCycleMath" name="test_verify_cycle_days_and_total_count[yearly-365-10]" time="1.095" /></testsuite></testsuites>