<?xml version="1.0" encoding="utf-8"?><testsuites><testsuite name="pytest" errors="0" failures="0" skipped="0" tests="8" time="1.816" timestamp="2026-07-19T10:16:03.945724+00:00" hostname="agent-env-976cce11-b100-48fa-b99d-5983e8b09c7b"><testcase classname="tests.test_iter28_webhook_coverage_and_subs.TestSubscriptionMe" name="test_unauth_401" time="0.114" /><testcase classname="tests.test_iter28_webhook_coverage_and_subs.TestWebhookCoverage" name="test_unauth_401_or_403" time="0.112" /><testcase classname="tests.test_iter28_webhook_coverage_and_subs.TestSubscriptionMe" name="test_returns_items_and_total" time="0.641" /><testcase classname="tests.test_iter28_webhook_coverage_and_subs.TestWebhookCoverage" name="test_non_admin_forbidden" time="0.661" /><testcase classname="tests.test_iter28_webhook_coverage_and_subs.TestSubscriptionCancelReachable" name="test_unauth" time="0.104" /><testcase classname="tests.test_iter28_webhook_coverage_and_subs.TestSubscriptionCancelReachable" name="test_unknown_sid_returns_404" time="0.235" /><testcase classname="tests.test_iter28_webhook_coverage_and_subs.TestWebhookCoverage" name="test_admin_returns_checklist" time="0.418" /><testcase classname="tests.test_iter28_webhook_coverage_and_subs.TestWebhookCoverage" name="test_lookback_days_clamping" time="0.295" /></testsuite></testsuites>