<?xml version="1.0" encoding="utf-8"?><testsuites><testsuite name="pytest" errors="0" failures="0" skipped="0" tests="6" time="5.035" timestamp="2026-07-20T07:24:20.218215+00:00" hostname="agent-env-976cce11-b100-48fa-b99d-5983e8b09c7b"><testcase classname="tests.test_iter32_predefined_plans.TestSettingsExposure" name="test_monthly_preseeded_and_others_absent" time="0.216" /><testcase classname="tests.test_iter32_predefined_plans.TestAdminUpsertPlanId" name="test_save_persist_and_clear" time="1.284" /><testcase classname="tests.test_iter32_predefined_plans.TestUnconfiguredPlanError" name="test_quarterly_returns_500_with_admin_message" time="1.390" /><testcase classname="tests.test_iter32_predefined_plans.TestOneTimeRegression" name="test_one_time_order_and_verify_still_works" time="2.946" /><testcase classname="tests.test_iter32_predefined_plans.TestMonthlySubscriptionUsesPreseededPlan" name="test_monthly_uses_preseeded_plan_or_soft_pass_on_live_provisioning" time="3.273" /><testcase classname="tests.test_iter32_predefined_plans.TestMySubscriptionsRegression" name="test_my_subs_endpoint_loads" time="0.123" /></testsuite></testsuites>