<?xml version="1.0" encoding="utf-8"?><testsuites><testsuite name="pytest" errors="0" failures="0" skipped="0" tests="10" time="8.989" timestamp="2026-07-20T11:21:46.931224+00:00" hostname="agent-env-976cce11-b100-48fa-b99d-5983e8b09c7b"><testcase classname="tests.test_iter33_dynamic_plan_and_webhook_indep.TestRegression" name="test_subscription_me_returns_list" time="3.697" /><testcase classname="tests.test_iter33_dynamic_plan_and_webhook_indep.TestRegression" name="test_subscription_cancel_works" time="0.951" /><testcase classname="tests.test_iter33_dynamic_plan_and_webhook_indep.TestSubscriptionInitAndPlanCache" name="test_init_creates_subscription_with_plan_id" time="4.527" /><testcase classname="tests.test_iter33_dynamic_plan_and_webhook_indep.TestSubscriptionInitAndPlanCache" name="test_plan_cache_reuse_on_second_init" time="0.428" /><testcase classname="tests.test_iter33_dynamic_plan_and_webhook_indep.TestRegression" name="test_free_program_enrol" time="0.443" /><testcase classname="tests.test_iter33_dynamic_plan_and_webhook_indep.TestWebhookIndependentVerify" name="test_verify_materialises_purchase_and_is_idempotent" time="0.499" /><testcase classname="tests.test_iter33_dynamic_plan_and_webhook_indep.TestRegression" name="test_one_time_order_and_verify" time="0.585" /><testcase classname="tests.test_iter33_dynamic_plan_and_webhook_indep.TestWebhookIndependentVerify" name="test_webhook_after_verify_is_deduped_by_cycle" time="0.426" /><testcase classname="tests.test_iter33_dynamic_plan_and_webhook_indep.TestFrontendCardRemoved" name="test_admin_payment_settings_source_has_no_plan_ids_card" time="2.932" /><testcase classname="tests.test_iter33_dynamic_plan_and_webhook_indep.TestPlanCacheIndex" name="test_subscription_plans_cache_has_unique_index" time="2.728" /></testsuite></testsuites>