<?xml version="1.0" encoding="utf-8"?><testsuites><testsuite name="pytest" errors="0" failures="0" skipped="0" tests="11" time="3.670" timestamp="2026-07-20T16:18:45.248560+00:00" hostname="agent-env-976cce11-b100-48fa-b99d-5983e8b09c7b"><testcase classname="tests.test_iter34_home_certs_automation.TestHomeBanner" name="test_banners_endpoint_reachable" time="0.495" /><testcase classname="tests.test_iter34_home_certs_automation.TestHomeBanner" name="test_seed_home_banner_if_absent" time="0.119" /><testcase classname="tests.test_iter34_home_certs_automation.TestFeaturedPrograms" name="test_featured_filter_returns_only_featured" time="0.459" /><testcase classname="tests.test_iter34_home_certs_automation.TestFeaturedPrograms" name="test_non_featured_excluded_from_featured_filter" time="0.274" /><testcase classname="tests.test_iter34_home_certs_automation.TestAutoCertificateOnFinalModule" name="test_seed_program_and_purchase" time="0.690" /><testcase classname="tests.test_iter34_home_certs_automation.TestAutoCertificateOnFinalModule" name="test_complete_first_module_no_cert" time="0.149" /><testcase classname="tests.test_iter34_home_certs_automation.TestAutoCertificateOnFinalModule" name="test_complete_final_module_issues_cert_and_logs_session" time="0.643" /><testcase classname="tests.test_iter34_home_certs_automation.TestAutoCertificateOnFinalModule" name="test_complete_final_module_is_idempotent" time="0.185" /><testcase classname="tests.test_iter34_home_certs_automation.TestCertificatesMyEndpoints" name="test_list_my_certificates" time="0.168" /><testcase classname="tests.test_iter34_home_certs_automation.TestCertificatesMyEndpoints" name="test_get_my_certificate_detail" time="0.228" /><testcase classname="tests.test_iter34_home_certs_automation.TestCertificatesMyEndpoints" name="test_get_someone_elses_cert_404" time="0.121" /></testsuite></testsuites>