<?xml version="1.0" encoding="utf-8"?><testsuites><testsuite name="pytest" errors="0" failures="0" skipped="0" tests="8" time="11.232" timestamp="2026-07-19T16:10:54.757986+00:00" hostname="agent-env-976cce11-b100-48fa-b99d-5983e8b09c7b"><testcase classname="tests.test_iter31_payment_failure.TestPaymentFailedOneTime" name="test_payment_failed_marks_order_and_notifies" time="3.330" /><testcase classname="tests.test_iter31_payment_failure.TestAdminFailedSubs" name="test_admin_endpoint_returns_halted_pending" time="4.348" /><testcase classname="tests.test_iter31_payment_failure.TestPaymentFailedOneTime" name="test_no_notification_if_order_already_paid" time="2.365" /><testcase classname="tests.test_iter31_payment_failure.TestAdminFailedSubs" name="test_non_admin_forbidden" time="0.880" /><testcase classname="tests.test_iter31_payment_failure.TestSubscriptionHalted" name="test_halted_sets_status_and_creates_dedup_notification" time="2.778" /><testcase classname="tests.test_iter31_payment_failure.TestSubscriptionPending" name="test_pending_sets_status_and_creates_dedup_notification" time="2.498" /><testcase classname="tests.test_iter31_payment_failure.TestFreshSidAfterHalted" name="test_init_after_halted_returns_fresh_sid" time="2.460" /><testcase classname="tests.test_iter31_payment_failure.TestChargedRegression" name="test_charged_no_failure_notif" time="2.665" /></testsuite></testsuites>