<?xml version="1.0" encoding="utf-8"?><testsuites><testsuite name="pytest" errors="0" failures="1" skipped="0" tests="17" time="8.546" timestamp="2026-07-16T14:47:11.494827+00:00" hostname="agent-env-976cce11-b100-48fa-b99d-5983e8b09c7b"><testcase classname="tests.test_iter26_payment_type_and_subscriptions.TestAdminProgramPaymentType" name="test_free_program_forces_price_zero_and_not_subscription" time="1.083" /><testcase classname="tests.test_iter26_payment_type_and_subscriptions.TestAdminProgramPaymentType" name="test_one_time_program_keeps_price" time="0.156" /><testcase classname="tests.test_iter26_payment_type_and_subscriptions.TestAdminProgramPaymentType" name="test_subscription_program_requires_frequency" time="0.108" /><testcase classname="tests.test_iter26_payment_type_and_subscriptions.TestAdminProgramPaymentType" name="test_subscription_program_with_frequency_succeeds" time="0.133" /><testcase classname="tests.test_iter26_payment_type_and_subscriptions.TestFreeEnrolment" name="test_enrol_free_success" time="1.523" /><testcase classname="tests.test_iter26_payment_type_and_subscriptions.TestAdminProgramPaymentType" name="test_update_one_time_to_free_sets_price_zero" time="0.361" /><testcase classname="tests.test_iter26_payment_type_and_subscriptions.TestFreeEnrolment" name="test_enrol_free_second_call_returns_409" time="0.144" /><testcase classname="tests.test_iter26_payment_type_and_subscriptions.TestFreeEnrolment" name="test_enrol_free_on_non_free_returns_400" time="0.223" /><testcase classname="tests.test_iter26_payment_type_and_subscriptions.TestAdminProgramPaymentType" name="test_update_one_time_to_subscription_needs_frequency" time="0.265" /><testcase classname="tests.test_iter26_payment_type_and_subscriptions.TestFreeEnrolment" name="test_my_enrolments_returns_row" time="0.120" /><testcase classname="tests.test_iter26_payment_type_and_subscriptions.TestFreeEnrolment" name="test_program_status_free_has_access" time="0.113" /><testcase classname="tests.test_iter26_payment_type_and_subscriptions.TestReferralAudit" name="test_referral_audit_json_pass" time="0.337" /><testcase classname="tests.test_iter26_payment_type_and_subscriptions.TestReferralAudit" name="test_referral_audit_pdf" time="0.146" /><testcase classname="tests.test_iter26_payment_type_and_subscriptions.TestReferralAudit" name="test_brv_still_all_pass" time="4.605" /><testcase classname="tests.test_iter26_payment_type_and_subscriptions.TestSubscriptionFlow" name="test_subscription_init" time="4.096" /><testcase classname="tests.test_iter26_payment_type_and_subscriptions.TestSubscriptionFlow" name="test_subscription_init_dup_returns_409" time="1.105" /><testcase classname="tests.test_iter26_payment_type_and_subscriptions.TestSubscriptionFlow" name="test_subscription_cancel" time="0.860"><failure message="KeyError: 'status'">backend/tests/test_iter26_payment_type_and_subscriptions.py:301: in test_subscription_cancel
    assert r.json()["status"] == "cancelled"
E   KeyError: 'status'</failure></testcase></testsuite></testsuites>