<?xml version="1.0" encoding="utf-8"?><testsuites><testsuite name="pytest" errors="0" failures="0" skipped="0" tests="14" time="8.702" timestamp="2026-07-19T14:33:06.578298+00:00" hostname="agent-env-976cce11-b100-48fa-b99d-5983e8b09c7b"><testcase classname="tests.test_iter29_subscription_removal.TestSubscriptionEndpointsRemoved" name="test_subscription_init_404" time="0.683" /><testcase classname="tests.test_iter29_subscription_removal.TestSubscriptionEndpointsRemoved" name="test_subscription_me_404" time="0.092" /><testcase classname="tests.test_iter29_subscription_removal.TestSubscriptionEndpointsRemoved" name="test_subscription_verify_404" time="0.098" /><testcase classname="tests.test_iter29_subscription_removal.TestSubscriptionEndpointsRemoved" name="test_subscription_cancel_404" time="0.100" /><testcase classname="tests.test_iter29_subscription_removal.TestFreeEnrolmentRegression" name="test_free_enrol_unauthenticated_401" time="1.040" /><testcase classname="tests.test_iter29_subscription_removal.TestAdminProgramPaymentType" name="test_create_free_program" time="0.763" /><testcase classname="tests.test_iter29_subscription_removal.TestFreeEnrolmentRegression" name="test_free_enrol_on_paid_program_400" time="0.602" /><testcase classname="tests.test_iter29_subscription_removal.TestFreeEnrolmentRegression" name="test_free_enrol_success" time="0.427" /><testcase classname="tests.test_iter29_subscription_removal.TestAdminProgramPaymentType" name="test_create_one_time_program" time="0.295" /><testcase classname="tests.test_iter29_subscription_removal.TestAdminProgramPaymentType" name="test_create_subscription_program_behavior" time="0.291" /><testcase classname="tests.test_iter29_subscription_removal.TestWebhookCoverage" name="test_coverage_shape" time="0.109" /><testcase classname="tests.test_iter29_subscription_removal.TestWebhookCoverage" name="test_coverage_requires_admin" time="0.102" /><testcase classname="tests.test_iter29_subscription_removal.TestOneTimePaymentRegression" name="test_create_order_mock" time="2.988" /><testcase classname="tests.test_iter29_subscription_removal.TestOneTimePaymentRegression" name="test_verify_payment_mock" time="3.034" /></testsuite></testsuites>