<?xml version="1.0" encoding="utf-8"?><testsuites><testsuite name="pytest" errors="0" failures="0" skipped="0" tests="15" time="7.563" timestamp="2026-07-19T09:52:02.383546+00:00" hostname="agent-env-976cce11-b100-48fa-b99d-5983e8b09c7b"><testcase classname="tests.test_iter27_subscription_rebuild.TestTotalCountCaps" name="test_total_count_by_frequency[monthly-60]" time="1.403" /><testcase classname="tests.test_iter27_subscription_rebuild.TestSubscriptionInit" name="test_init_success_returns_all_fields" time="1.400" /><testcase classname="tests.test_iter27_subscription_rebuild.TestTotalCountCaps" name="test_total_count_by_frequency[half_yearly-20]" time="0.716" /><testcase classname="tests.test_iter27_subscription_rebuild.TestSubscriptionInit" name="test_init_non_subscription_returns_400" time="0.013" /><testcase classname="tests.test_iter27_subscription_rebuild.TestSubscriptionInit" name="test_init_nonexistent_program_returns_404" time="0.231" /><testcase classname="tests.test_iter27_subscription_rebuild.TestSubscriptionInit" name="test_init_unauthenticated_returns_401" time="0.003" /><testcase classname="tests.test_iter27_subscription_rebuild.TestRegressionFreeAndOneTime" name="test_free_enrol_flow" time="0.940" /><testcase classname="tests.test_iter27_subscription_rebuild.TestTotalCountCaps" name="test_total_count_by_frequency[yearly-10]" time="1.166" /><testcase classname="tests.test_iter27_subscription_rebuild.TestRegressionFreeAndOneTime" name="test_one_time_order_and_verify" time="0.945" /><testcase classname="tests.test_iter27_subscription_rebuild.TestSubscriptionWebhook" name="test_charged_creates_purchase_and_is_idempotent" time="2.970" /><testcase classname="tests.test_iter27_subscription_rebuild.TestSubscriptionReuse" name="test_second_init_reuses_same_subscription_id" time="0.714" /><testcase classname="tests.test_iter27_subscription_rebuild.TestSubscriptionVerify" name="test_verify_materialises_purchase_and_grants_access" time="0.496" /><testcase classname="tests.test_iter27_subscription_rebuild.TestSubscriptionActiveConflict" name="test_active_purchase_blocks_new_init" time="0.494" /><testcase classname="tests.test_iter27_subscription_rebuild.TestSubscriptionWebhook" name="test_cancelled_event_mirrors_status" time="0.486" /><testcase classname="tests.test_iter27_subscription_rebuild.TestSubscriptionCancel" name="test_cancel_created_state_uses_immediate" time="0.484" /></testsuite></testsuites>