<?xml version="1.0" encoding="utf-8"?><testsuites><testsuite name="pytest" errors="0" failures="0" skipped="0" tests="7" time="2.737" timestamp="2026-07-20T16:37:12.750546+00:00" hostname="agent-env-976cce11-b100-48fa-b99d-5983e8b09c7b"><testcase classname="tests.test_iter35_cert_pdf_download.TestCertificatePdfDownload" name="test_pdf_401_without_token" time="0.566" /><testcase classname="tests.test_iter35_cert_pdf_download.TestCertificatePdfDownload" name="test_pdf_404_for_unknown_id" time="0.111" /><testcase classname="tests.test_iter35_cert_pdf_download.TestCertificatePdfDownload" name="test_pdf_404_for_foreign_cert" time="1.253" /><testcase classname="tests.test_iter35_cert_pdf_download.TestCertificatePdfDownload" name="test_pdf_200_headers_and_body" time="0.108" /><testcase classname="tests.test_iter35_cert_pdf_download.TestCertificatePdfDownload" name="test_pdf_contains_expected_content" time="0.240" /><testcase classname="tests.test_iter35_cert_pdf_download.TestCertificatePdfDownload" name="test_pdf_is_idempotent" time="0.246" /><testcase classname="tests.test_iter35_cert_pdf_download.TestCertificateJsonRegression" name="test_get_my_certificate_json" time="0.127" /></testsuite></testsuites>