<?xml version="1.0" encoding="utf-8"?><testsuites><testsuite name="pytest" errors="0" failures="1" skipped="1" tests="15" time="5.302" timestamp="2026-07-13T21:27:42.786927+00:00" hostname="agent-env-976cce11-b100-48fa-b99d-5983e8b09c7b"><testcase classname="tests.test_iter25_profile_editing.TestProfileEdit" name="test_patch_requires_auth" time="0.308" /><testcase classname="tests.test_iter25_profile_editing.TestProfileEdit" name="test_patch_updates_soft_fields_and_persists" time="0.521"><failure message="AssertionError: PATCH response mismatch on profile_photo_url: got None want https://ex.com/pic-1ae388ae.jpg&#10;assert None == 'https://ex.com/pic-1ae388ae.jpg'&#10; +  where None = &lt;built-in method get of dict object at 0xf93848085400&gt;('profile_photo_url')&#10; +    where &lt;built-in method get of dict object at 0xf93848085400&gt; = {'about_me': 'About-1ae388ae', 'address': 'Addr-1ae388ae', 'blood_group': 'O+', 'city': 'Bangalore', ...}.get">backend/tests/test_iter25_profile_editing.py:104: in test_patch_updates_soft_fields_and_persists
    assert data.get(k) == v, f"PATCH response mismatch on {k}: got {data.get(k)} want {v}"
E   AssertionError: PATCH response mismatch on profile_photo_url: got None want https://ex.com/pic-1ae388ae.jpg
E   assert None == 'https://ex.com/pic-1ae388ae.jpg'
E    +  where None = &lt;built-in method get of dict object at 0xf93848085400&gt;('profile_photo_url')
E    +    where &lt;built-in method get of dict object at 0xf93848085400&gt; = {'about_me': 'About-1ae388ae', 'address': 'Addr-1ae388ae', 'blood_group': 'O+', 'city': 'Bangalore', ...}.get</failure></testcase><testcase classname="tests.test_iter25_profile_editing.TestProfileEdit" name="test_patch_ignores_email_and_mobile" time="0.373" /><testcase classname="tests.test_iter25_profile_editing.TestChangeRequestUserSide" name="test_reject_invalid_email" time="0.118" /><testcase classname="tests.test_iter25_profile_editing.TestChangeRequestUserSide" name="test_reject_invalid_mobile" time="0.104" /><testcase classname="tests.test_iter25_profile_editing.TestChangeRequestUserSide" name="test_reject_mobile_in_use" time="0.000"><skipped type="pytest.skip" message="Duplicate-user dup test requires another live user account; covered manually.">/app/backend/tests/test_iter25_profile_editing.py:172: Duplicate-user dup test requires another live user account; covered manually.</skipped></testcase><testcase classname="tests.test_iter25_profile_editing.TestChangeRequestUserSide" name="test_submit_email_change_and_list" time="0.360" /><testcase classname="tests.test_iter25_profile_editing.TestChangeRequestAdminSide" name="test_admin_list" time="0.456" /><testcase classname="tests.test_iter25_profile_editing.TestChangeRequestAdminSide" name="test_admin_list_status_filter" time="0.152" /><testcase classname="tests.test_iter25_profile_editing.TestChangeRequestAdminSide" name="test_approve_without_password_fails" time="0.119" /><testcase classname="tests.test_iter25_profile_editing.TestChangeRequestAdminSide" name="test_approve_wrong_password_fails" time="0.333" /><testcase classname="tests.test_iter25_profile_editing.TestChangeRequestAdminSide" name="test_approve_correct_password_succeeds" time="0.906" /><testcase classname="tests.test_iter25_profile_editing.TestChangeRequestAdminSide" name="test_reject_flow_requires_password" time="1.091" /><testcase classname="tests.test_iter25_profile_editing.TestFirebaseRegisterInvalidToken" name="test_invalid_id_token_returns_401" time="0.168" /><testcase classname="tests.test_iter25_profile_editing.TestBRV" name="test_brv_overall_pass_l10_l11" time="0.171" /></testsuite></testsuites>