<?xml version="1.0" encoding="utf-8"?><testsuites><testsuite name="pytest" errors="0" failures="0" skipped="0" tests="2" time="7.081" timestamp="2026-07-19T14:32:41.961064+00:00" hostname="agent-env-976cce11-b100-48fa-b99d-5983e8b09c7b"><testcase classname="tests.test_iter29_subscription_removal.TestOneTimePaymentRegression" name="test_create_order_mock" time="3.692" /><testcase classname="tests.test_iter29_subscription_removal.TestOneTimePaymentRegression" name="test_verify_payment_mock" time="3.035" /></testsuite></testsuites>