<?xml version="1.0" encoding="utf-8"?><testsuites><testsuite name="pytest" errors="0" failures="0" skipped="0" tests="8" time="0.673" timestamp="2026-07-05T17:02:34.017323+00:00" hostname="agent-env-976cce11-b100-48fa-b99d-5983e8b09c7b"><testcase classname="tests.test_module_player_p0.TestModulePlayerP0" name="test_program_get_returns_program" time="0.520" /><testcase classname="tests.test_module_player_p0.TestModulePlayerP0" name="test_video_module_returns_url" time="0.004" /><testcase classname="tests.test_module_player_p0.TestModulePlayerP0" name="test_audio_module_returns_url" time="0.003" /><testcase classname="tests.test_module_player_p0.TestModulePlayerP0" name="test_pdf_module_returns_url" time="0.003" /><testcase classname="tests.test_module_player_p0.TestModulePlayerP0" name="test_empty_module_still_200" time="0.004" /><testcase classname="tests.test_module_player_p0.TestModulePlayerP0" name="test_module_not_found_returns_404" time="0.003" /><testcase classname="tests.test_module_player_p0.TestModulePlayerP0" name="test_get_module_unauthenticated_rejected" time="0.002" /><testcase classname="tests.test_module_player_p0.TestSequentialUnlockGuard" name="test_by_program_shows_unlock_flags" time="0.026" /></testsuite></testsuites>