<?xml version="1.0" encoding="utf-8"?><testsuites name="pytest tests"><testsuite name="pytest" errors="0" failures="0" skipped="0" tests="8" time="2.600" timestamp="2026-07-04T16:33:26.338070+00:00" hostname="agent-env-976cce11-b100-48fa-b99d-5983e8b09c7b"><testcase classname="tests.test_notifications_bugfix.TestAdminCreatesNotification" name="test_admin_create_broadcast" time="0.496" /><testcase classname="tests.test_notifications_bugfix.TestAdminCreatesNotification" name="test_admin_create_personal" time="0.047" /><testcase classname="tests.test_notifications_bugfix.TestAdminCreatesNotification" name="test_user_a_sees_both" time="0.356" /><testcase classname="tests.test_notifications_bugfix.TestCrossUserBroadcastIsolation" name="test_broadcast_isolation" time="0.829" /><testcase classname="tests.test_notifications_bugfix.TestCrossUserBroadcastIsolation" name="test_mark_read_all_excludes_broadcasts" time="0.164" /><testcase classname="tests.test_notifications_bugfix.TestPersonalMarkReadPersists" name="test_mark_personal_read_persists" time="0.163" /><testcase classname="tests.test_notifications_bugfix.TestRegression" name="test_brv_overall_pass" time="0.415" /><testcase classname="tests.test_notifications_bugfix.TestRegression" name="test_user_payment_history_endpoint" time="0.050" /></testsuite></testsuites>