<?xml version="1.0" encoding="utf-8"?><testsuites name="pytest tests"><testsuite name="pytest" errors="0" failures="0" skipped="0" tests="8" time="5.425" timestamp="2026-07-04T16:51:55.999471+00:00" hostname="agent-env-976cce11-b100-48fa-b99d-5983e8b09c7b"><testcase classname="tests.test_notifications_p0_dedup.TestBroadcastNoDuplication" name="test_health" time="0.254" /><testcase classname="tests.test_notifications_p0_dedup.TestReadStateIsolation" name="test_read_all_isolates_users" time="3.182" /><testcase classname="tests.test_notifications_p0_dedup.TestBroadcastNoDuplication" name="test_single_broadcast_produces_exactly_one_row_per_user" time="3.194" /><testcase classname="tests.test_notifications_p0_dedup.TestReadStateIsolation" name="test_mark_read_broadcast_only_affects_owner" time="0.642" /><testcase classname="tests.test_notifications_p0_dedup.TestBroadcastNoDuplication" name="test_unread_count_is_exact" time="0.823" /><testcase classname="tests.test_notifications_p0_dedup.TestReadStateIsolation" name="test_user_a_cannot_mark_other_users_row" time="0.093" /><testcase classname="tests.test_notifications_p0_dedup.TestTargetedNotification" name="test_targeted_only_for_target" time="0.442" /><testcase classname="tests.test_notifications_p0_dedup.TestBroadcastNoDuplication" name="test_two_broadcasts_produce_two_rows" time="0.806" /></testsuite></testsuites>