<?xml version="1.0" encoding="utf-8"?><testsuites name="pytest tests"><testsuite name="pytest" errors="0" failures="0" skipped="0" tests="17" time="5.492" timestamp="2026-07-04T14:48:49.152177+00:00" hostname="agent-env-976cce11-b100-48fa-b99d-5983e8b09c7b"><testcase classname="tests.test_phase11.TestPaymentMode" name="test_get_payment_mode_no_auth" time="0.148" /><testcase classname="tests.test_phase11.TestPaymentMode" name="test_admin_get_settings" time="0.431" /><testcase classname="tests.test_phase11.TestPaymentMode" name="test_admin_put_settings_persists" time="0.486" /><testcase classname="tests.test_phase11.TestPaymentMode" name="test_admin_toggle_payment_mode" time="0.397" /><testcase classname="tests.test_phase11.TestQRUploadServe" name="test_qr_upload_and_serve" time="0.277" /><testcase classname="tests.test_phase11.TestQRUploadServe" name="test_delete_qr_then_reupload" time="0.301" /><testcase classname="tests.test_phase11.TestUserQuoteAndSubmit" name="test_public_qr_requires_user" time="0.413" /><testcase classname="tests.test_phase11.TestUserQuoteAndSubmit" name="test_quote_for_one_time_program" time="0.199" /><testcase classname="tests.test_phase11.TestUserQuoteAndSubmit" name="test_quote_subscription_409" time="0.218" /><testcase classname="tests.test_phase11.TestUserQuoteAndSubmit" name="test_upload_screenshot" time="0.093" /><testcase classname="tests.test_phase11.TestUserQuoteAndSubmit" name="test_submit_duplicate_and_history" time="0.653" /><testcase classname="tests.test_phase11.TestUserQuoteAndSubmit" name="test_submit_subscription_409" time="0.098" /><testcase classname="tests.test_phase11.TestAdminReview" name="test_admin_summary" time="0.100" /><testcase classname="tests.test_phase11.TestAdminReview" name="test_admin_list_pending" time="0.093" /><testcase classname="tests.test_phase11.TestAdminReview" name="test_approve_and_verify_purchase" time="0.419" /><testcase classname="tests.test_phase11.TestRejectionFlow" name="test_reject_then_resubmit" time="0.712" /><testcase classname="tests.test_phase11.TestBRVRegression" name="test_brv_still_passes" time="0.362" /></testsuite></testsuites>