<?xml version="1.0" encoding="utf-8"?><testsuites name="pytest tests"><testsuite name="pytest" errors="0" failures="0" skipped="0" tests="18" time="20.020" timestamp="2026-07-03T07:57:58.223061+00:00" hostname="agent-env-976cce11-b100-48fa-b99d-5983e8b09c7b"><testcase classname="tests.test_phase4.TestSequenceGate" name="test_l2_blocked_until_l1_done" time="2.329" /><testcase classname="tests.test_phase4.TestSequenceGate" name="test_subscription_bypasses_sequence" time="0.700" /><testcase classname="tests.test_phase4.TestPurchaseCreation" name="test_purchase_creates_expiry_and_invoice" time="0.584" /><testcase classname="tests.test_phase4.TestValidityEngine" name="test_expire_moves_to_expired_bucket" time="0.933" /><testcase classname="tests.test_phase4.TestSequentialUnlock" name="test_unlock_progression_and_block" time="1.657" /><testcase classname="tests.test_phase4.TestSequentialUnlock" name="test_no_access_without_purchase" time="0.916" /><testcase classname="tests.test_phase4.TestProgressCertificate" name="test_idempotent_complete_and_cert_issue" time="1.441" /><testcase classname="tests.test_phase4.TestProgressCertificate" name="test_cert_requires_assessment_pass" time="1.308" /><testcase classname="tests.test_phase4.TestAssessmentEngine" name="test_attempts_allowed_enforced" time="1.258" /><testcase classname="tests.test_phase4.TestAssessmentEngine" name="test_passed_bypasses_attempt_limit" time="1.135" /><testcase classname="tests.test_phase4.TestAssessmentEngine" name="test_correct_index_stripped_and_meta_present" time="0.917" /><testcase classname="tests.test_phase4.TestAssessmentEngine" name="test_randomize_deterministic_per_attempt" time="1.015" /><testcase classname="tests.test_phase4.TestContentToken" name="test_token_and_stream_happy_path" time="1.049" /><testcase classname="tests.test_phase4.TestContentToken" name="test_no_resource_url_returns_404" time="0.904" /><testcase classname="tests.test_phase4.TestContentToken" name="test_locked_module_returns_403" time="1.010" /><testcase classname="tests.test_phase4.TestContentToken" name="test_invalid_token_returns_401" time="0.103" /><testcase classname="tests.test_phase4.TestContentToken" name="test_soft_delete_purchase_revokes_stream" time="0.975" /><testcase classname="tests.test_phase4.TestDashboardAndContinue" name="test_continue_learning_and_dashboard" time="1.605" /></testsuite></testsuites>