<?xml version="1.0" encoding="utf-8"?><testsuites name="pytest tests"><testsuite name="pytest" errors="0" failures="0" skipped="0" tests="12" time="2.415" timestamp="2026-07-03T16:51:49.330120+00:00" hostname="agent-env-976cce11-b100-48fa-b99d-5983e8b09c7b"><testcase classname="tests.test_phase10.TestPublicCMSPages" name="test_privacy_page" time="0.407" /><testcase classname="tests.test_phase10.TestPublicCMSPages" name="test_terms_page" time="0.154" /><testcase classname="tests.test_phase10.TestPublicCMSPages" name="test_data_security_page" time="0.046" /><testcase classname="tests.test_phase10.TestAdminCMSEdit" name="test_admin_can_edit_and_revert_privacy" time="0.808" /><testcase classname="tests.test_phase10.TestPublicCMSPages" name="test_faq_page" time="0.045" /><testcase classname="tests.test_phase10.TestPublicCMSPages" name="test_contact_page" time="0.085" /><testcase classname="tests.test_phase10.TestPublicSystemSettings" name="test_system_public" time="0.050" /><testcase classname="tests.test_phase10.TestPublicSystemSettings" name="test_system_public_no_auth_needed" time="0.132" /><testcase classname="tests.test_phase10.TestAdminCMSEdit" name="test_admin_can_edit_application_version" time="0.394" /><testcase classname="tests.test_phase10.TestRegression" name="test_brv_still_pass" time="0.680" /><testcase classname="tests.test_phase10.TestAdminCMSEdit" name="test_admin_list_pages_includes_all_slugs" time="0.049" /><testcase classname="tests.test_phase10.TestRegression" name="test_admin_login_still_works" time="0.269" /></testsuite></testsuites>