<?xml version="1.0" encoding="utf-8"?><testsuites name="pytest tests"><testsuite name="pytest" errors="0" failures="0" skipped="0" tests="33" time="54.747" timestamp="2026-07-03T12:40:00.206605+00:00" hostname="agent-env-976cce11-b100-48fa-b99d-5983e8b09c7b"><testcase classname="tests.test_phase6.TestActivityMeter" name="test_no_subscription_status" time="0.997" /><testcase classname="tests.test_phase6.TestActivityMeter" name="test_yellow_after_subscribe" time="1.271" /><testcase classname="tests.test_phase6.TestActivityMeter" name="test_green_after_4_sessions" time="1.147" /><testcase classname="tests.test_phase6.TestSessionIdempotency" name="test_module_id_dedup_same_cycle" time="0.953" /><testcase classname="tests.test_phase6.TestSessionIdempotency" name="test_manual_without_module_id_each_increments" time="1.296" /><testcase classname="tests.test_phase6.TestAutoLogModule" name="test_module_complete_on_sub_program_creates_session" time="1.047" /><testcase classname="tests.test_phase6.TestAutoLogModule" name="test_non_subscription_module_complete_no_session" time="1.148" /><testcase classname="tests.test_phase6.TestReferralsDashboard" name="test_dashboard_shape" time="0.636" /><testcase classname="tests.test_phase6.TestReferralsDashboard" name="test_team_counts_match_actual" time="2.221" /><testcase classname="tests.test_phase6.TestReferralsDashboard" name="test_qr_dataurl" time="0.624" /><testcase classname="tests.test_phase6.TestReferralsDashboard" name="test_team_by_level" time="2.926" /><testcase classname="tests.test_phase6.TestCommissionEngine" name="test_happy_path_L1" time="2.116" /><testcase classname="tests.test_phase6.TestCommissionEngine" name="test_ineligible_sponsor_rejected" time="1.344" /><testcase classname="tests.test_phase6.TestCommissionEngine" name="test_3_level_chain" time="4.384" /><testcase classname="tests.test_phase6.TestCommissionEngine" name="test_commission_idempotency_on_verify_replay" time="2.075" /><testcase classname="tests.test_phase6.TestGlobalSettings" name="test_override_l1_percent_affects_new_purchase" time="2.355" /><testcase classname="tests.test_phase6.TestAdminCommissions" name="test_admin_list_with_filters" time="0.311" /><testcase classname="tests.test_phase6.TestAdminCommissions" name="test_approve_reject_and_bulk_approve" time="6.605" /><testcase classname="tests.test_phase6.TestAdminCommissions" name="test_admin_summary_shape" time="0.105" /><testcase classname="tests.test_phase6.TestPayouts" name="test_pending_by_user_group" time="2.274" /><testcase classname="tests.test_phase6.TestPayouts" name="test_payout_create_validations" time="4.304" /><testcase classname="tests.test_phase6.TestPayouts" name="test_payout_full_lifecycle" time="2.711" /><testcase classname="tests.test_phase6.TestPayouts" name="test_payout_cancel_clears_payout_id" time="2.423" /><testcase classname="tests.test_phase6.TestPayouts" name="test_user_payouts_only_own" time="2.353" /><testcase classname="tests.test_phase6.TestReports" name="test_all_report_pdfs" time="1.078" /><testcase classname="tests.test_phase6.TestReports" name="test_unknown_report_400" time="0.625" /><testcase classname="tests.test_phase6.TestReferralSettings" name="test_defaults_when_unset" time="0.101" /><testcase classname="tests.test_phase6.TestReferralSettings" name="test_put_roundtrip" time="0.210" /><testcase classname="tests.test_phase6.TestAuthGuards" name="test_user_endpoints_require_jwt" time="0.888" /><testcase classname="tests.test_phase6.TestAuthGuards" name="test_admin_endpoints_reject_user_token" time="1.125" /><testcase classname="tests.test_phase6.TestRedStatus" name="test_red_status_when_subscription_expired" time="0.797" /><testcase classname="tests.test_phase6.TestRegression" name="test_phase5_payment_e2e" time="1.045" /><testcase classname="tests.test_phase6.TestRegression" name="test_phase4_module_and_assessment" time="1.169" /></testsuite></testsuites>