<?xml version="1.0" encoding="utf-8"?><testsuites name="pytest tests"><testsuite name="pytest" errors="0" failures="0" skipped="0" tests="19" time="8.942" timestamp="2026-07-03T15:32:58.036935+00:00" hostname="agent-env-976cce11-b100-48fa-b99d-5983e8b09c7b"><testcase classname="tests.test_phase9.TestHealth" name="test_live_no_auth" time="0.309" /><testcase classname="tests.test_phase9.TestHealth" name="test_ready_no_auth" time="0.142" /><testcase classname="tests.test_phase9.TestHealth" name="test_deep_requires_auth" time="0.099" /><testcase classname="tests.test_phase9.TestHealth" name="test_deep_with_admin" time="0.439" /><testcase classname="tests.test_phase9.TestSecurityMiddleware" name="test_security_headers_present" time="0.097" /><testcase classname="tests.test_phase9.TestSecurityMiddleware" name="test_request_id_header" time="0.145" /><testcase classname="tests.test_phase9.TestBRV" name="test_brv_requires_auth" time="0.097" /><testcase classname="tests.test_phase9.TestBRV" name="test_brv_json" time="0.517" /><testcase classname="tests.test_phase9.TestBRV" name="test_brv_pdf" time="0.458" /><testcase classname="tests.test_phase9.TestBruteForceLockout" name="test_user_login_lockout" time="0.682" /><testcase classname="tests.test_phase9.TestBruteForceLockout" name="test_admin_login_lockout" time="1.764" /><testcase classname="tests.test_phase9.TestBruteForceLockout" name="test_successful_login_clears_attempts" time="2.667" /><testcase classname="tests.test_phase9.TestRegressions" name="test_admin_dashboard_overview" time="0.111" /><testcase classname="tests.test_phase9.TestRegressions" name="test_analytics_dashboard" time="0.233" /><testcase classname="tests.test_phase9.TestRegressions" name="test_admin_reports_payments" time="0.124" /><testcase classname="tests.test_phase9.TestRegressions" name="test_income_report_pdf" time="0.645" /><testcase classname="tests.test_phase9.TestSEO" name="test_robots_txt" time="0.107" /><testcase classname="tests.test_phase9.TestSEO" name="test_sitemap_xml" time="0.105" /><testcase classname="tests.test_phase9.TestSEO" name="test_og_meta_tags" time="0.096" /></testsuite></testsuites>