<?xml version="1.0" encoding="utf-8"?><testsuites name="pytest tests"><testsuite name="pytest" errors="0" failures="0" skipped="0" tests="20" time="8.955" timestamp="2026-07-03T08:42:18.250700+00:00" hostname="agent-env-976cce11-b100-48fa-b99d-5983e8b09c7b"><testcase classname="tests.test_phase5.TestAdminPayments" name="test_admin_endpoints_require_admin_token" time="1.200" /><testcase classname="tests.test_phase5.TestCreateOrder" name="test_order_happy_path_with_breakdown_and_prefill" time="1.471" /><testcase classname="tests.test_phase5.TestCreateOrder" name="test_requires_auth" time="0.211" /><testcase classname="tests.test_phase5.TestAdminPayments" name="test_admin_transactions_list_and_filter" time="1.612" /><testcase classname="tests.test_phase5.TestCreateOrder" name="test_program_not_found" time="0.268" /><testcase classname="tests.test_phase5.TestCreateOrder" name="test_blocked_by_sequence_gate" time="0.745" /><testcase classname="tests.test_phase5.TestCreateOrder" name="test_blocked_when_already_active" time="1.029" /><testcase classname="tests.test_phase5.TestAdminPayments" name="test_admin_summary_shape" time="0.261" /><testcase classname="tests.test_phase5.TestAdminPayments" name="test_admin_refund_and_double_refund_409" time="1.241" /><testcase classname="tests.test_phase5.TestVerifyPayment" name="test_bad_signature_rejected_and_no_purchase_row" time="0.947" /><testcase classname="tests.test_phase5.TestAdminPayments" name="test_admin_settings_roundtrip" time="0.402" /><testcase classname="tests.test_phase5.TestVerifyPayment" name="test_good_signature_creates_purchase_and_invoice" time="0.991" /><testcase classname="tests.test_phase5.TestPaymentConfig" name="test_requires_auth" time="0.095" /><testcase classname="tests.test_phase5.TestPaymentConfig" name="test_config_returns_key_and_mock_flag" time="0.233" /><testcase classname="tests.test_phase5.TestPaymentsMeAndInvoice" name="test_me_lists_purchase_and_invoice_pdf_downloads" time="1.129" /><testcase classname="tests.test_phase5.TestVerifyPayment" name="test_verify_idempotent" time="0.811" /><testcase classname="tests.test_phase5.TestWebhook" name="test_mock_signature_accepted" time="0.094" /><testcase classname="tests.test_phase5.TestPhase4Regression" name="test_legacy_direct_purchase_still_works" time="1.927" /><testcase classname="tests.test_phase5.TestSubscription" name="test_subscription_creates_row_and_unlocks_program" time="1.256" /><testcase classname="tests.test_phase5.TestSubscription" name="test_subscription_404_when_program_not_subscription" time="0.561" /></testsuite></testsuites>