<?xml version="1.0" encoding="utf-8"?><testsuites name="pytest tests"><testsuite name="pytest" errors="0" failures="2" skipped="0" tests="44" time="9.950" timestamp="2026-07-03T13:53:00.106578+00:00" hostname="agent-env-976cce11-b100-48fa-b99d-5983e8b09c7b"><testcase classname="tests.test_phase7.TestDashboard" name="test_overview_shape_and_values" time="0.898" /><testcase classname="tests.test_phase7.TestAdminUsers" name="test_list_paginated_shape" time="0.995" /><testcase classname="tests.test_phase7.TestDashboard" name="test_revenue_series_30_days" time="0.144" /><testcase classname="tests.test_phase7.TestAdminUsers" name="test_list_filters" time="0.681" /><testcase classname="tests.test_phase7.TestDashboard" name="test_top_programs_limit_and_sort" time="0.109" /><testcase classname="tests.test_phase7.TestDashboard" name="test_top_referrers_limit_and_sort" time="0.097" /><testcase classname="tests.test_phase7.TestDashboard" name="test_recent_activity_desc" time="0.284" /><testcase classname="tests.test_phase7.TestDashboard" name="test_recent_transactions_fields" time="0.140" /><testcase classname="tests.test_phase7.TestAuthGuards" name="test_admin_endpoints_reject_no_token" time="1.512" /><testcase classname="tests.test_phase7.TestAdminUsers" name="test_export_csv" time="0.137" /><testcase classname="tests.test_phase7.TestAdminUsers" name="test_user_detail_and_no_password_hash" time="0.668" /><testcase classname="tests.test_phase7.TestAdminUsers" name="test_user_detail_404" time="0.112" /><testcase classname="tests.test_phase7.TestAdminUsers" name="test_status_update_revokes_session_and_login" time="2.077" /><testcase classname="tests.test_phase7.TestAuthGuards" name="test_admin_endpoints_reject_user_token" time="2.033" /><testcase classname="tests.test_phase7.TestAdminUsers" name="test_reset_password_and_relogin" time="1.556" /><testcase classname="tests.test_phase7.TestAuthGuards" name="test_public_cms_no_auth" time="0.365" /><testcase classname="tests.test_phase7.TestAuthGuards" name="test_public_banners_no_auth" time="0.322" /><testcase classname="tests.test_phase7.TestAuthGuards" name="test_public_system_no_auth" time="0.321" /><testcase classname="tests.test_phase7.TestAuthGuards" name="test_notifications_me_requires_auth" time="0.095" /><testcase classname="tests.test_phase7.TestAdminUsers" name="test_patch_user_updates" time="0.750" /><testcase classname="tests.test_phase7.TestRegressionPrevPhases" name="test_activity_meter_reachable" time="0.108" /><testcase classname="tests.test_phase7.TestRegressionPrevPhases" name="test_referrals_dashboard_reachable" time="0.103" /><testcase classname="tests.test_phase7.TestRegressionPrevPhases" name="test_commissions_me_reachable" time="0.233" /><testcase classname="tests.test_phase7.TestRegressionPrevPhases" name="test_payouts_me_reachable" time="0.103" /><testcase classname="tests.test_phase7.TestRegressionPrevPhases" name="test_report_pdf_reachable" time="0.100" /><testcase classname="tests.test_phase7.TestUploads" name="test_upload_valid_png_and_get" time="0.194" /><testcase classname="tests.test_phase7.TestCMS" name="test_public_list_only_published" time="0.092" /><testcase classname="tests.test_phase7.TestCMS" name="test_public_get_unknown_returns_stub" time="0.095" /><testcase classname="tests.test_phase7.TestCMS" name="test_admin_list_reserved_slugs" time="0.113" /><testcase classname="tests.test_phase7.TestUploads" name="test_upload_rejects_text_plain" time="0.142" /><testcase classname="tests.test_phase7.TestCMS" name="test_upsert_creates_and_snapshots" time="0.355" /><testcase classname="tests.test_phase7.TestUploads" name="test_get_unknown_upload_404" time="0.139" /><testcase classname="tests.test_phase7.TestUploads" name="test_delete_upload_removes" time="0.336" /><testcase classname="tests.test_phase7.TestCMS" name="test_unpublished_hidden_from_public" time="0.310" /><testcase classname="tests.test_phase7.TestNotifications" name="test_broadcast_creates_template_and_deliveries" time="0.160" /><testcase classname="tests.test_phase7.TestSettings" name="test_system_defaults_and_roundtrip" time="0.148"><failure message="AssertionError: assert (None == 'RIYORA Wellness' or None)&#10; +  where None = &lt;built-in method get of dict object at 0xf8c94d5b8280&gt;('company_name')&#10; +    where &lt;built-in method get of dict object at 0xf8c94d5b8280&gt; = {'company_name': None, 'company_logo_url': None, 'company_address': None, 'company_gst_number': '27AAAAA0000A1Z5', ...}.get&#10; +  and   None = &lt;built-in method get of dict object at 0xf8c94d5b8280&gt;('company_name')&#10; +    where &lt;built-in method get of dict object at 0xf8c94d5b8280&gt; = {'company_name': None, 'company_logo_url': None, 'company_address': None, 'company_gst_number': '27AAAAA0000A1Z5', ...}.get">backend/tests/test_phase7.py:383: in test_system_defaults_and_roundtrip
    assert d.get("company_name") == "RIYORA Wellness" or d.get("company_name")
E   AssertionError: assert (None == 'RIYORA Wellness' or None)
E    +  where None = &lt;built-in method get of dict object at 0xf8c94d5b8280&gt;('company_name')
E    +    where &lt;built-in method get of dict object at 0xf8c94d5b8280&gt; = {'company_name': None, 'company_logo_url': None, 'company_address': None, 'company_gst_number': '27AAAAA0000A1Z5', ...}.get
E    +  and   None = &lt;built-in method get of dict object at 0xf8c94d5b8280&gt;('company_name')
E    +    where &lt;built-in method get of dict object at 0xf8c94d5b8280&gt; = {'company_name': None, 'company_logo_url': None, 'company_address': None, 'company_gst_number': '27AAAAA0000A1Z5', ...}.get</failure></testcase><testcase classname="tests.test_phase7.TestNotifications" name="test_targeted_notification_only_selected" time="0.790"><failure message="KeyError: 'unread'">backend/tests/test_phase7.py:600: in test_targeted_notification_only_selected
    assert m["unread"] &gt;= 1
           ^^^^^^^^^^^
E   KeyError: 'unread'</failure></testcase><testcase classname="tests.test_phase7.TestSettings" name="test_public_system_no_auth" time="0.099" /><testcase classname="tests.test_phase7.TestSettings" name="test_security_defaults_and_roundtrip" time="0.467" /><testcase classname="tests.test_phase7.TestBanners" name="test_public_active_banners_no_auth" time="0.095" /><testcase classname="tests.test_phase7.TestNotifications" name="test_admin_notification_history" time="0.130" /><testcase classname="tests.test_phase7.TestBanners" name="test_admin_crud_and_soft_delete" time="0.514" /><testcase classname="tests.test_phase7.TestAuditLog" name="test_audit_log_paginated_and_filtered" time="0.230" /><testcase classname="tests.test_phase7.TestAuditLog" name="test_audit_log_q_filter" time="0.101" /></testsuite></testsuites>