<?xml version="1.0" encoding="utf-8"?><testsuites name="pytest tests"><testsuite name="pytest" errors="0" failures="1" skipped="0" tests="44" time="10.188" timestamp="2026-07-03T13:57:52.607807+00:00" hostname="agent-env-976cce11-b100-48fa-b99d-5983e8b09c7b"><testcase classname="tests.test_phase7.TestAdminUsers" name="test_list_paginated_shape" time="0.749" /><testcase classname="tests.test_phase7.TestDashboard" name="test_overview_shape_and_values" time="0.903" /><testcase classname="tests.test_phase7.TestAdminUsers" name="test_list_filters" time="0.677" /><testcase classname="tests.test_phase7.TestDashboard" name="test_revenue_series_30_days" time="0.102" /><testcase classname="tests.test_phase7.TestDashboard" name="test_top_programs_limit_and_sort" time="0.323" /><testcase classname="tests.test_phase7.TestDashboard" name="test_top_referrers_limit_and_sort" time="0.118" /><testcase classname="tests.test_phase7.TestAdminUsers" name="test_export_csv" time="0.124" /><testcase classname="tests.test_phase7.TestDashboard" name="test_recent_activity_desc" time="0.100" /><testcase classname="tests.test_phase7.TestDashboard" name="test_recent_transactions_fields" time="0.107" /><testcase classname="tests.test_phase7.TestAdminUsers" name="test_user_detail_and_no_password_hash" time="0.697" /><testcase classname="tests.test_phase7.TestAuthGuards" name="test_admin_endpoints_reject_no_token" time="1.383" /><testcase classname="tests.test_phase7.TestAdminUsers" name="test_user_detail_404" time="0.144" /><testcase classname="tests.test_phase7.TestAdminUsers" name="test_status_update_revokes_session_and_login" time="1.941" /><testcase classname="tests.test_phase7.TestAuthGuards" name="test_admin_endpoints_reject_user_token" time="1.994" /><testcase classname="tests.test_phase7.TestAdminUsers" name="test_reset_password_and_relogin" time="1.689" /><testcase classname="tests.test_phase7.TestAuthGuards" name="test_public_cms_no_auth" time="0.256" /><testcase classname="tests.test_phase7.TestAuthGuards" name="test_public_banners_no_auth" time="0.096" /><testcase classname="tests.test_phase7.TestAuthGuards" name="test_public_system_no_auth" time="0.275" /><testcase classname="tests.test_phase7.TestAuthGuards" name="test_notifications_me_requires_auth" time="0.101" /><testcase classname="tests.test_phase7.TestRegressionPrevPhases" name="test_activity_meter_reachable" time="0.257" /><testcase classname="tests.test_phase7.TestRegressionPrevPhases" name="test_referrals_dashboard_reachable" time="0.154" /><testcase classname="tests.test_phase7.TestAdminUsers" name="test_patch_user_updates" time="0.829" /><testcase classname="tests.test_phase7.TestRegressionPrevPhases" name="test_commissions_me_reachable" time="0.168" /><testcase classname="tests.test_phase7.TestRegressionPrevPhases" name="test_payouts_me_reachable" time="0.252" /><testcase classname="tests.test_phase7.TestRegressionPrevPhases" name="test_report_pdf_reachable" time="0.309" /><testcase classname="tests.test_phase7.TestCMS" name="test_public_list_only_published" time="0.106" /><testcase classname="tests.test_phase7.TestUploads" name="test_upload_valid_png_and_get" time="0.234" /><testcase classname="tests.test_phase7.TestCMS" name="test_public_get_unknown_returns_stub" time="0.095" /><testcase classname="tests.test_phase7.TestCMS" name="test_admin_list_reserved_slugs" time="0.167" /><testcase classname="tests.test_phase7.TestUploads" name="test_upload_rejects_text_plain" time="0.142" /><testcase classname="tests.test_phase7.TestCMS" name="test_upsert_creates_and_snapshots" time="0.311" /><testcase classname="tests.test_phase7.TestUploads" name="test_get_unknown_upload_404" time="0.135" /><testcase classname="tests.test_phase7.TestUploads" name="test_delete_upload_removes" time="0.319" /><testcase classname="tests.test_phase7.TestCMS" name="test_unpublished_hidden_from_public" time="0.422" /><testcase classname="tests.test_phase7.TestNotifications" name="test_broadcast_creates_template_and_deliveries" time="0.118" /><testcase classname="tests.test_phase7.TestNotifications" name="test_targeted_notification_only_selected" time="0.743"><failure message="KeyError: 'unread'">backend/tests/test_phase7.py:600: in test_targeted_notification_only_selected
    assert m["unread"] &gt;= 1
           ^^^^^^^^^^^
E   KeyError: 'unread'</failure></testcase><testcase classname="tests.test_phase7.TestSettings" name="test_system_defaults_and_roundtrip" time="0.585" /><testcase classname="tests.test_phase7.TestSettings" name="test_public_system_no_auth" time="0.105" /><testcase classname="tests.test_phase7.TestNotifications" name="test_admin_notification_history" time="0.097" /><testcase classname="tests.test_phase7.TestSettings" name="test_security_defaults_and_roundtrip" time="0.370" /><testcase classname="tests.test_phase7.TestAuditLog" name="test_audit_log_paginated_and_filtered" time="0.209" /><testcase classname="tests.test_phase7.TestAuditLog" name="test_audit_log_q_filter" time="0.097" /><testcase classname="tests.test_phase7.TestBanners" name="test_public_active_banners_no_auth" time="0.104" /><testcase classname="tests.test_phase7.TestBanners" name="test_admin_crud_and_soft_delete" time="0.539" /></testsuite></testsuites>