<?xml version="1.0" encoding="utf-8"?><testsuites name="pytest tests"><testsuite name="pytest" errors="0" failures="0" skipped="0" tests="97" time="186.286" timestamp="2026-07-03T13:58:35.222947+00:00" hostname="agent-env-976cce11-b100-48fa-b99d-5983e8b09c7b"><testcase classname="tests.test_phase7.TestAdminUsers" name="test_list_paginated_shape" time="0.658" /><testcase classname="tests.test_phase7.TestAdminUsers" name="test_list_filters" time="0.654" /><testcase classname="tests.test_phase7.TestDashboard" name="test_overview_shape_and_values" time="0.826" /><testcase classname="tests.test_phase7.TestDashboard" name="test_revenue_series_30_days" time="0.109" /><testcase classname="tests.test_phase7.TestDashboard" name="test_top_programs_limit_and_sort" time="0.274" /><testcase classname="tests.test_phase7.TestDashboard" name="test_top_referrers_limit_and_sort" time="0.100" /><testcase classname="tests.test_phase7.TestDashboard" name="test_recent_activity_desc" time="0.102" /><testcase classname="tests.test_phase7.TestAdminUsers" name="test_export_csv" time="0.135" /><testcase classname="tests.test_phase7.TestDashboard" name="test_recent_transactions_fields" time="0.113" /><testcase classname="tests.test_phase7.TestAdminUsers" name="test_user_detail_and_no_password_hash" time="0.771" /><testcase classname="tests.test_phase7.TestAuthGuards" name="test_admin_endpoints_reject_no_token" time="1.669" /><testcase classname="tests.test_phase7.TestAdminUsers" name="test_user_detail_404" time="0.104" /><testcase classname="tests.test_phase7.TestAdminUsers" name="test_status_update_revokes_session_and_login" time="1.951" /><testcase classname="tests.test_phase7.TestAuthGuards" name="test_admin_endpoints_reject_user_token" time="2.341" /><testcase classname="tests.test_phase7.TestAdminUsers" name="test_reset_password_and_relogin" time="1.579" /><testcase classname="tests.test_phase7.TestAuthGuards" name="test_public_cms_no_auth" time="0.319" /><testcase classname="tests.test_phase7.TestAdminUsers" name="test_patch_user_updates" time="0.758" /><testcase classname="tests.test_phase7.TestAuthGuards" name="test_public_banners_no_auth" time="0.108" /><testcase classname="tests.test_phase7.TestAuthGuards" name="test_public_system_no_auth" time="0.098" /><testcase classname="tests.test_phase7.TestAuthGuards" name="test_notifications_me_requires_auth" time="0.322" /><testcase classname="tests.test_phase7.TestRegressionPrevPhases" name="test_activity_meter_reachable" time="0.100" /><testcase classname="tests.test_phase7.TestRegressionPrevPhases" name="test_referrals_dashboard_reachable" time="0.110" /><testcase classname="tests.test_phase7.TestRegressionPrevPhases" name="test_commissions_me_reachable" time="0.105" /><testcase classname="tests.test_phase7.TestCMS" name="test_public_list_only_published" time="0.100" /><testcase classname="tests.test_phase7.TestRegressionPrevPhases" name="test_payouts_me_reachable" time="0.101" /><testcase classname="tests.test_phase7.TestCMS" name="test_public_get_unknown_returns_stub" time="0.138" /><testcase classname="tests.test_phase7.TestRegressionPrevPhases" name="test_report_pdf_reachable" time="0.119" /><testcase classname="tests.test_phase7.TestCMS" name="test_admin_list_reserved_slugs" time="0.123" /><testcase classname="tests.test_phase7.TestCMS" name="test_upsert_creates_and_snapshots" time="0.648" /><testcase classname="tests.test_phase7.TestCMS" name="test_unpublished_hidden_from_public" time="0.405" /><testcase classname="tests.test_phase5.TestCreateOrder" name="test_order_happy_path_with_breakdown_and_prefill" time="1.019" /><testcase classname="tests.test_phase5.TestCreateOrder" name="test_requires_auth" time="0.241" /><testcase classname="tests.test_phase5.TestCreateOrder" name="test_program_not_found" time="0.304" /><testcase classname="tests.test_phase5.TestCreateOrder" name="test_blocked_by_sequence_gate" time="0.847" /><testcase classname="tests.test_phase5.TestAdminPayments" name="test_admin_endpoints_require_admin_token" time="0.924" /><testcase classname="tests.test_phase5.TestCreateOrder" name="test_blocked_when_already_active" time="1.069" /><testcase classname="tests.test_phase5.TestAdminPayments" name="test_admin_transactions_list_and_filter" time="1.902" /><testcase classname="tests.test_phase5.TestAdminPayments" name="test_admin_summary_shape" time="0.140" /><testcase classname="tests.test_phase5.TestAdminPayments" name="test_admin_refund_and_double_refund_409" time="1.221" /><testcase classname="tests.test_phase6.TestPayouts" name="test_pending_by_user_group" time="3.415" /><testcase classname="tests.test_phase5.TestAdminPayments" name="test_admin_settings_roundtrip" time="0.485" /><testcase classname="tests.test_phase7.TestUploads" name="test_upload_valid_png_and_get" time="0.738" /><testcase classname="tests.test_phase7.TestUploads" name="test_upload_rejects_text_plain" time="0.109" /><testcase classname="tests.test_phase7.TestUploads" name="test_get_unknown_upload_404" time="0.100" /><testcase classname="tests.test_phase7.TestUploads" name="test_delete_upload_removes" time="0.350" /><testcase classname="tests.test_phase6.TestPayouts" name="test_payout_create_validations" time="52.447" /><testcase classname="tests.test_phase6.TestReferralsDashboard" name="test_dashboard_shape" time="0.839" /><testcase classname="tests.test_phase6.TestReferralsDashboard" name="test_team_counts_match_actual" time="2.503" /><testcase classname="tests.test_phase6.TestReferralsDashboard" name="test_qr_dataurl" time="0.801" /><testcase classname="tests.test_phase6.TestReferralsDashboard" name="test_team_by_level" time="3.103" /><testcase classname="tests.test_phase6.TestCommissionEngine" name="test_happy_path_L1" time="39.204" /><testcase classname="tests.test_phase6.TestCommissionEngine" name="test_ineligible_sponsor_rejected" time="3.485" /><testcase classname="tests.test_phase6.TestCommissionEngine" name="test_3_level_chain" time="24.174" /><testcase classname="tests.test_phase6.TestPayouts" name="test_payout_full_lifecycle" time="8.271" /><testcase classname="tests.test_phase6.TestPayouts" name="test_payout_cancel_clears_payout_id" time="14.127" /><testcase classname="tests.test_phase6.TestCommissionEngine" name="test_commission_idempotency_on_verify_replay" time="2.598" /><testcase classname="tests.test_phase6.TestPayouts" name="test_user_payouts_only_own" time="2.895" /><testcase classname="tests.test_phase7.TestSettings" name="test_system_defaults_and_roundtrip" time="0.697" /><testcase classname="tests.test_phase7.TestSettings" name="test_public_system_no_auth" time="0.099" /><testcase classname="tests.test_phase7.TestSettings" name="test_security_defaults_and_roundtrip" time="0.493" /><testcase classname="tests.test_phase7.TestNotifications" name="test_broadcast_creates_template_and_deliveries" time="0.452" /><testcase classname="tests.test_phase7.TestNotifications" name="test_targeted_notification_only_selected" time="1.438" /><testcase classname="tests.test_phase5.TestVerifyPayment" name="test_bad_signature_rejected_and_no_purchase_row" time="1.525" /><testcase classname="tests.test_phase7.TestNotifications" name="test_admin_notification_history" time="0.129" /><testcase classname="tests.test_phase5.TestVerifyPayment" name="test_good_signature_creates_purchase_and_invoice" time="1.364" /><testcase classname="tests.test_phase6.TestActivityMeter" name="test_no_subscription_status" time="0.772" /><testcase classname="tests.test_phase5.TestVerifyPayment" name="test_verify_idempotent" time="1.143" /><testcase classname="tests.test_phase6.TestActivityMeter" name="test_yellow_after_subscribe" time="1.530" /><testcase classname="tests.test_phase6.TestActivityMeter" name="test_green_after_4_sessions" time="1.426" /><testcase classname="tests.test_phase6.TestAdminCommissions" name="test_admin_list_with_filters" time="0.802" /><testcase classname="tests.test_phase6.TestAdminCommissions" name="test_approve_reject_and_bulk_approve" time="9.054" /><testcase classname="tests.test_phase7.TestAuditLog" name="test_audit_log_paginated_and_filtered" time="0.703" /><testcase classname="tests.test_phase7.TestAuditLog" name="test_audit_log_q_filter" time="0.108" /><testcase classname="tests.test_phase5.TestPaymentConfig" name="test_requires_auth" time="0.095" /><testcase classname="tests.test_phase5.TestPaymentConfig" name="test_config_returns_key_and_mock_flag" time="0.536" /><testcase classname="tests.test_phase5.TestSubscription" name="test_subscription_creates_row_and_unlocks_program" time="1.676" /><testcase classname="tests.test_phase5.TestSubscription" name="test_subscription_404_when_program_not_subscription" time="0.767" /><testcase classname="tests.test_phase6.TestSessionIdempotency" name="test_module_id_dedup_same_cycle" time="1.755" /><testcase classname="tests.test_phase6.TestSessionIdempotency" name="test_manual_without_module_id_each_increments" time="1.586" /><testcase classname="tests.test_phase6.TestAutoLogModule" name="test_module_complete_on_sub_program_creates_session" time="1.312" /><testcase classname="tests.test_phase6.TestAutoLogModule" name="test_non_subscription_module_complete_no_session" time="1.369" /><testcase classname="tests.test_phase6.TestAdminCommissions" name="test_admin_summary_shape" time="0.097" /><testcase classname="tests.test_phase7.TestBanners" name="test_public_active_banners_no_auth" time="0.096" /><testcase classname="tests.test_phase7.TestBanners" name="test_admin_crud_and_soft_delete" time="1.069" /><testcase classname="tests.test_phase6.TestReports" name="test_all_report_pdfs" time="1.343" /><testcase classname="tests.test_phase6.TestReferralSettings" name="test_defaults_when_unset" time="0.552" /><testcase classname="tests.test_phase6.TestReferralSettings" name="test_put_roundtrip" time="0.379" /><testcase classname="tests.test_phase6.TestAuthGuards" name="test_user_endpoints_require_jwt" time="1.109" /><testcase classname="tests.test_phase6.TestReports" name="test_unknown_report_400" time="0.679" /><testcase classname="tests.test_phase6.TestAuthGuards" name="test_admin_endpoints_reject_user_token" time="1.360" /><testcase classname="tests.test_phase6.TestRegression" name="test_phase5_payment_e2e" time="1.328" /><testcase classname="tests.test_phase6.TestRegression" name="test_phase4_module_and_assessment" time="70.025" /><testcase classname="tests.test_phase5.TestPaymentsMeAndInvoice" name="test_me_lists_purchase_and_invoice_pdf_downloads" time="69.861" /><testcase classname="tests.test_phase5.TestWebhook" name="test_mock_signature_accepted" time="0.118" /><testcase classname="tests.test_phase5.TestPhase4Regression" name="test_legacy_direct_purchase_still_works" time="3.361" /><testcase classname="tests.test_phase6.TestGlobalSettings" name="test_override_l1_percent_affects_new_purchase" time="3.748" /><testcase classname="tests.test_phase6.TestRedStatus" name="test_red_status_when_subscription_expired" time="1.389" /></testsuite></testsuites>