<?xml version="1.0" encoding="utf-8"?><testsuites name="pytest tests"><testsuite name="pytest" errors="0" failures="0" skipped="0" tests="31" time="4.825" timestamp="2026-07-03T14:33:56.138908+00:00" hostname="agent-env-976cce11-b100-48fa-b99d-5983e8b09c7b"><testcase classname="tests.test_phase8.TestAnalyticsAdmin" name="test_dashboard_shape" time="0.765" /><testcase classname="tests.test_phase8.TestAnalyticsAdmin" name="test_kpis_with_compare" time="0.284" /><testcase classname="tests.test_phase8.TestUserAnalyticsAndReports" name="test_analytics_me_shape" time="1.152" /><testcase classname="tests.test_phase8.TestAnalyticsAdmin" name="test_revenue_series_week" time="0.098" /><testcase classname="tests.test_phase8.TestAnalyticsAdmin" name="test_revenue_series_month" time="0.109" /><testcase classname="tests.test_phase8.TestUserAnalyticsAndReports" name="test_income_report_pdf_legacy" time="0.108" /><testcase classname="tests.test_phase8.TestAnalyticsAdmin" name="test_leaderboard" time="0.115" /><testcase classname="tests.test_phase8.TestUserAnalyticsAndReports" name="test_income_report_csv" time="0.111" /><testcase classname="tests.test_phase8.TestUserAnalyticsAndReports" name="test_income_report_excel" time="0.111" /><testcase classname="tests.test_phase8.TestAnalyticsAdmin" name="test_subscriptions_health" time="0.182" /><testcase classname="tests.test_phase8.TestUserAnalyticsAndReports" name="test_subscription_report_csv" time="0.101" /><testcase classname="tests.test_phase8.TestAnalyticsAdmin" name="test_programs_and_states" time="0.304" /><testcase classname="tests.test_phase8.TestUserAnalyticsAndReports" name="test_transaction_report_excel" time="0.109" /><testcase classname="tests.test_phase8.TestUserAnalyticsAndReports" name="test_referral_report_pdf" time="0.105" /><testcase classname="tests.test_phase8.TestAnalyticsAdmin" name="test_user_growth" time="0.276" /><testcase classname="tests.test_phase8.TestAdminReportsList" name="test_users_report" time="0.490" /><testcase classname="tests.test_phase8.TestAnalyticsAdmin" name="test_gst_and_commissions" time="0.198" /><testcase classname="tests.test_phase8.TestAdminReportsList" name="test_payments_report_with_filter" time="0.104" /><testcase classname="tests.test_phase8.TestAdminReportsExport" name="test_payments_export_csv" time="0.382" /><testcase classname="tests.test_phase8.TestAdminReportsList" name="test_referrals_report_level_filter" time="0.139" /><testcase classname="tests.test_phase8.TestAdminReportsList" name="test_referrals_report_status_filter" time="0.151" /><testcase classname="tests.test_phase8.TestAdminReportsList" name="test_subscriptions_activity_assessments_programs" time="0.482" /><testcase classname="tests.test_phase8.TestAdminReportsExport" name="test_payments_export_excel" time="0.496" /><testcase classname="tests.test_phase8.TestAdminReportsList" name="test_unknown_report_type_returns_400" time="0.140" /><testcase classname="tests.test_phase8.TestAdminReportsExport" name="test_payments_export_pdf" time="0.522" /><testcase classname="tests.test_phase8.TestAuthGuards" name="test_analytics_dashboard_requires_admin" time="0.104" /><testcase classname="tests.test_phase8.TestAuthGuards" name="test_admin_reports_payments_requires_admin" time="0.123" /><testcase classname="tests.test_phase8.TestAuthGuards" name="test_analytics_me_requires_user" time="0.182" /><testcase classname="tests.test_phase8.TestAuthGuards" name="test_admin_endpoints_reject_user_token" time="0.512" /><testcase classname="tests.test_phase8.TestAdminReportsExport" name="test_users_export_csv" time="0.139" /><testcase classname="tests.test_phase8.TestAdminReportsExport" name="test_referrals_export_excel_with_level_filter" time="0.103" /></testsuite></testsuites>