<?xml version="1.0" encoding="utf-8"?><testsuites name="pytest tests"><testsuite name="pytest" errors="0" failures="0" skipped="0" tests="45" time="76.036" timestamp="2026-07-03T02:43:11.085237+00:00" hostname="agent-env-976cce11-b100-48fa-b99d-5983e8b09c7b"><testcase classname="tests.test_phase2.TestCategories" name="test_seeded_defaults_exist" time="1.154" /><testcase classname="tests.test_phase2.TestPrograms" name="test_create_program_happy" time="1.442" /><testcase classname="tests.test_phase2.TestCategories" name="test_admin_create_and_dup_slug" time="0.857" /><testcase classname="tests.test_phase2.TestPrograms" name="test_dup_slug_returns_409" time="0.278" /><testcase classname="tests.test_phase2.TestPrograms" name="test_invalid_category_id_returns_400" time="0.099" /><testcase classname="tests.test_phase2.TestPrograms" name="test_search_filter_sort" time="0.363" /><testcase classname="tests.test_phase2.TestCategories" name="test_user_can_list_categories" time="0.139" /><testcase classname="tests.test_phase2.TestCategories" name="test_user_cannot_create_category" time="0.101" /><testcase classname="tests.test_phase2.TestPrograms" name="test_activate_deactivate_delete" time="0.580" /><testcase classname="tests.test_phase2.TestAppSettings" name="test_public_no_auth_required" time="0.101" /><testcase classname="tests.test_phase2.TestAppSettings" name="test_get_single_app_setting" time="0.140" /><testcase classname="tests.test_phase2.TestAppSettings" name="test_admin_upsert_app_setting" time="0.353" /><testcase classname="tests.test_phase2.TestAssessments" name="test_correct_index_out_of_range_returns_400" time="0.378" /><testcase classname="tests.test_phase2.TestModules" name="test_create_module_and_duplicate" time="0.465" /><testcase classname="tests.test_phase2.TestAssessments" name="test_create_and_duplicate_module" time="0.220" /><testcase classname="tests.test_phase2.TestModules" name="test_invalid_program_id" time="0.098" /><testcase classname="tests.test_phase2.TestAssessments" name="test_submit_and_results" time="0.638" /><testcase classname="tests.test_phase2.TestModules" name="test_filter_by_program_id_and_search" time="0.293" /><testcase classname="tests.test_phase2.TestPurchases" name="test_create_purchase_and_dup_invoice" time="0.346" /><testcase classname="tests.test_phase2.TestAssessments" name="test_submit_wrong_answer_count" time="0.450" /><testcase classname="tests.test_phase2.TestPurchases" name="test_invalid_user_or_program" time="0.096" /><testcase classname="tests.test_phase2.TestPurchases" name="test_user_lists_their_own_purchases" time="0.319" /><testcase classname="tests.test_phase2.TestReferralTree" name="test_user_registration_auto_inserts_tree" time="0.742" /><testcase classname="tests.test_phase2.TestBankDetails" name="test_ifsc_regex" time="0.114" /><testcase classname="tests.test_phase2.TestBankDetails" name="test_upsert_and_verification_reset" time="40.404" /><testcase classname="tests.test_phase2.TestReferralTree" name="test_downline_and_upline" time="69.452" /><testcase classname="tests.test_phase2.TestBankDetails" name="test_admin_list_masks_account_number" time="0.583" /><testcase classname="tests.test_phase2.TestCertificates" name="test_issue_and_dup_number" time="0.310" /><testcase classname="tests.test_phase2.TestCertificates" name="test_me_returns_only_issued" time="20.000" /><testcase classname="tests.test_phase2.TestNotifications" name="test_personal_and_broadcast" time="0.497" /><testcase classname="tests.test_phase2.TestNotifications" name="test_admin_filter_broadcast" time="0.101" /><testcase classname="tests.test_phase2.TestProfiles" name="test_get_returns_shape_even_if_empty" time="0.479" /><testcase classname="tests.test_phase2.TestProfiles" name="test_upsert_and_persistence" time="0.210" /><testcase classname="tests.test_phase2.TestActivityLog" name="test_admin_list_paginated" time="0.106" /><testcase classname="tests.test_phase2.TestActivityLog" name="test_user_only_their_own" time="0.099" /><testcase classname="tests.test_phase2.TestCrossRoleGuards" name="test_user_cannot_access_admin_routes" time="0.196" /><testcase classname="tests.test_phase2.TestCrossRoleGuards" name="test_admin_cannot_access_user_me_routes" time="0.201" /><testcase classname="tests.test_phase2.TestPaginationSort" name="test_pagination_metadata" time="0.104" /><testcase classname="tests.test_phase2.TestPaginationSort" name="test_sort_reverses_order" time="0.207" /><testcase classname="tests.test_phase2.TestPhase1Regression" name="test_validate_referral_still_works" time="0.050" /><testcase classname="tests.test_phase2.TestPhase1Regression" name="test_admin_login_still_works" time="0.273" /><testcase classname="tests.test_phase2.TestProgress" name="test_upsert_idempotent" time="4.682" /><testcase classname="tests.test_phase2.TestReferralTree" name="test_admin_filter_by_level" time="0.108" /><testcase classname="tests.test_phase2.TestSettings" name="test_user_settings_upsert" time="0.311" /><testcase classname="tests.test_phase2.TestSettings" name="test_system_config_admin_only" time="0.305" /></testsuite></testsuites>