<?xml version="1.0" encoding="utf-8"?><testsuites name="pytest tests"><testsuite name="pytest" errors="0" failures="0" skipped="0" tests="151" time="131.897" timestamp="2026-07-03T12:41:02.612054+00:00" hostname="agent-env-976cce11-b100-48fa-b99d-5983e8b09c7b"><testcase classname="tests.backend_test.TestHealth" name="test_health" time="0.196" /><testcase classname="tests.backend_test.TestHealth" name="test_root" time="0.048" /><testcase classname="tests.backend_test.TestHealth" name="test_docs" time="0.044" /><testcase classname="tests.backend_test.TestMembership" name="test_validate_company_referral" time="0.048" /><testcase classname="tests.backend_test.TestMembership" name="test_validate_invalid_referral" time="0.043" /><testcase classname="tests.backend_test.TestMembership" name="test_validate_bad_format" time="0.044" /><testcase classname="tests.backend_test.TestOtp" name="test_send_and_verify_otp" time="0.092" /><testcase classname="tests.backend_test.TestOtp" name="test_verify_invalid_otp" time="0.091" /><testcase classname="tests.backend_test.TestOtp" name="test_bad_mobile_format" time="0.044" /><testcase classname="tests.backend_test.TestOtp" name="test_resend_limit_5_per_hour" time="0.279" /><testcase classname="tests.backend_test.TestRegister" name="test_register_happy_path" time="0.404" /><testcase classname="tests.backend_test.TestRegister" name="test_register_without_otp_verification" time="0.044" /><testcase classname="tests.backend_test.TestRegister" name="test_register_invalid_referral" time="0.136" /><testcase classname="tests.backend_test.TestRegister" name="test_register_mismatched_passwords" time="0.135" /><testcase classname="tests.backend_test.TestRegister" name="test_duplicate_mobile_blocked_on_send_otp" time="0.046" /><testcase classname="tests.backend_test.TestLoginRefresh" name="test_login_success" time="0.267" /><testcase classname="tests.backend_test.TestLoginRefresh" name="test_login_wrong_password" time="0.270" /><testcase classname="tests.backend_test.TestLoginRefresh" name="test_me_endpoint" time="0.051" /><testcase classname="tests.backend_test.TestLoginRefresh" name="test_me_without_token" time="0.045" /><testcase classname="tests.backend_test.TestLoginRefresh" name="test_refresh_rotation" time="0.370" /><testcase classname="tests.backend_test.TestLoginRefresh" name="test_logout" time="0.359" /><testcase classname="tests.backend_test.TestUserProfile" name="test_get_profile" time="0.046" /><testcase classname="tests.backend_test.TestUserProfile" name="test_update_profile_and_verify" time="0.089" /><testcase classname="tests.backend_test.TestUserProfile" name="test_membership_me" time="0.049" /><testcase classname="tests.backend_test.TestForgotPassword" name="test_forgot_flow" time="1.325" /><testcase classname="tests.backend_test.TestForgotPassword" name="test_forgot_unknown_mobile" time="0.044" /><testcase classname="tests.backend_test.TestAdmin" name="test_admin_login" time="0.275" /><testcase classname="tests.backend_test.TestAdmin" name="test_admin_login_wrong" time="0.266" /><testcase classname="tests.backend_test.TestAdmin" name="test_admin_stats" time="0.324" /><testcase classname="tests.backend_test.TestAdmin" name="test_admin_users_list" time="0.053" /><testcase classname="tests.backend_test.TestAdmin" name="test_admin_profile" time="0.047" /><testcase classname="tests.backend_test.TestRoleGuards" name="test_user_token_cannot_access_admin" time="0.046" /><testcase classname="tests.backend_test.TestRoleGuards" name="test_admin_token_cannot_access_user_profile" time="0.044" /><testcase classname="tests.test_phase2.TestAppSettings" name="test_public_no_auth_required" time="0.138" /><testcase classname="tests.test_phase2.TestAppSettings" name="test_get_single_app_setting" time="0.112" /><testcase classname="tests.test_phase2.TestAppSettings" name="test_admin_upsert_app_setting" time="0.650" /><testcase classname="tests.test_phase2.TestCategories" name="test_seeded_defaults_exist" time="0.466" /><testcase classname="tests.test_phase2.TestCategories" name="test_seeded_categories_have_uuid_id_and_fetchable" time="0.677" /><testcase classname="tests.test_phase2.TestCategories" name="test_seeded_app_settings_have_uuid_id" time="0.092" /><testcase classname="tests.test_phase2.TestCategories" name="test_admin_create_and_dup_slug" time="0.495" /><testcase classname="tests.test_phase2.TestCategories" name="test_user_can_list_categories" time="0.107" /><testcase classname="tests.test_phase2.TestCategories" name="test_user_cannot_create_category" time="0.107" /><testcase classname="tests.test_phase2.TestPrograms" name="test_create_program_happy" time="0.206" /><testcase classname="tests.test_phase2.TestPrograms" name="test_dup_slug_returns_409" time="0.193" /><testcase classname="tests.test_phase2.TestPrograms" name="test_invalid_category_id_returns_400" time="0.095" /><testcase classname="tests.test_phase2.TestPrograms" name="test_search_filter_sort" time="0.317" /><testcase classname="tests.test_phase2.TestPrograms" name="test_activate_deactivate_delete" time="0.503" /><testcase classname="tests.test_phase2.TestModules" name="test_create_module_and_duplicate" time="0.304" /><testcase classname="tests.test_phase2.TestModules" name="test_invalid_program_id" time="0.100" /><testcase classname="tests.test_phase2.TestModules" name="test_filter_by_program_id_and_search" time="0.303" /><testcase classname="tests.test_phase2.TestAssessments" name="test_correct_index_out_of_range_returns_400" time="0.426" /><testcase classname="tests.test_phase2.TestAssessments" name="test_create_and_duplicate_module" time="0.195" /><testcase classname="tests.test_phase2.TestAssessments" name="test_submit_and_results" time="0.639" /><testcase classname="tests.test_phase2.TestAssessments" name="test_submit_wrong_answer_count" time="0.423" /><testcase classname="tests.test_phase2.TestPurchases" name="test_create_purchase_and_dup_invoice" time="0.290" /><testcase classname="tests.test_phase2.TestPurchases" name="test_invalid_user_or_program" time="0.113" /><testcase classname="tests.test_phase2.TestPurchases" name="test_user_lists_their_own_purchases" time="0.295" /><testcase classname="tests.test_phase2.TestProgress" name="test_upsert_idempotent" time="0.487" /><testcase classname="tests.test_phase2.TestCertificates" name="test_issue_and_dup_number" time="0.309" /><testcase classname="tests.test_phase2.TestCertificates" name="test_me_returns_only_issued" time="0.489" /><testcase classname="tests.test_phase2.TestReferralTree" name="test_user_registration_auto_inserts_tree" time="0.761" /><testcase classname="tests.test_phase2.TestReferralTree" name="test_downline_and_upline" time="1.417" /><testcase classname="tests.test_phase2.TestReferralTree" name="test_admin_filter_by_level" time="0.106" /><testcase classname="tests.test_phase2.TestBankDetails" name="test_ifsc_regex" time="0.099" /><testcase classname="tests.test_phase2.TestBankDetails" name="test_upsert_and_verification_reset" time="0.676" /><testcase classname="tests.test_phase2.TestBankDetails" name="test_admin_list_masks_account_number" time="0.570" /><testcase classname="tests.test_phase2.TestSettings" name="test_user_settings_upsert" time="0.288" /><testcase classname="tests.test_phase2.TestSettings" name="test_system_config_admin_only" time="0.307" /><testcase classname="tests.test_phase2.TestNotifications" name="test_personal_and_broadcast" time="0.514" /><testcase classname="tests.test_phase2.TestNotifications" name="test_admin_filter_broadcast" time="0.100" /><testcase classname="tests.test_phase2.TestProfiles" name="test_get_returns_shape_even_if_empty" time="0.463" /><testcase classname="tests.test_phase2.TestProfiles" name="test_upsert_and_persistence" time="0.211" /><testcase classname="tests.test_phase2.TestActivityLog" name="test_admin_list_paginated" time="0.108" /><testcase classname="tests.test_phase2.TestActivityLog" name="test_user_only_their_own" time="0.104" /><testcase classname="tests.test_phase2.TestCrossRoleGuards" name="test_user_cannot_access_admin_routes" time="0.209" /><testcase classname="tests.test_phase2.TestCrossRoleGuards" name="test_admin_cannot_access_user_me_routes" time="0.248" /><testcase classname="tests.test_phase2.TestPaginationSort" name="test_pagination_metadata" time="0.100" /><testcase classname="tests.test_phase2.TestPaginationSort" name="test_sort_reverses_order" time="0.199" /><testcase classname="tests.test_phase2.TestPhase1Regression" name="test_validate_referral_still_works" time="0.044" /><testcase classname="tests.test_phase2.TestPhase1Regression" name="test_admin_login_still_works" time="0.268" /><testcase classname="tests.test_phase4.TestSequenceGate" name="test_l2_blocked_until_l1_done" time="2.289" /><testcase classname="tests.test_phase4.TestSequenceGate" name="test_subscription_bypasses_sequence" time="0.677" /><testcase classname="tests.test_phase4.TestPurchaseCreation" name="test_purchase_creates_expiry_and_invoice" time="0.590" /><testcase classname="tests.test_phase4.TestValidityEngine" name="test_expire_moves_to_expired_bucket" time="1.291" /><testcase classname="tests.test_phase4.TestSequentialUnlock" name="test_unlock_progression_and_block" time="1.373" /><testcase classname="tests.test_phase4.TestSequentialUnlock" name="test_no_access_without_purchase" time="0.791" /><testcase classname="tests.test_phase4.TestProgressCertificate" name="test_idempotent_complete_and_cert_issue" time="1.198" /><testcase classname="tests.test_phase4.TestProgressCertificate" name="test_cert_requires_assessment_pass" time="1.153" /><testcase classname="tests.test_phase4.TestAssessmentEngine" name="test_attempts_allowed_enforced" time="0.985" /><testcase classname="tests.test_phase4.TestAssessmentEngine" name="test_passed_bypasses_attempt_limit" time="1.011" /><testcase classname="tests.test_phase4.TestAssessmentEngine" name="test_correct_index_stripped_and_meta_present" time="0.780" /><testcase classname="tests.test_phase4.TestAssessmentEngine" name="test_randomize_deterministic_per_attempt" time="0.887" /><testcase classname="tests.test_phase4.TestContentToken" name="test_token_and_stream_happy_path" time="0.888" /><testcase classname="tests.test_phase4.TestContentToken" name="test_no_resource_url_returns_404" time="0.790" /><testcase classname="tests.test_phase4.TestContentToken" name="test_locked_module_returns_403" time="0.964" /><testcase classname="tests.test_phase4.TestContentToken" name="test_invalid_token_returns_401" time="0.098" /><testcase classname="tests.test_phase4.TestContentToken" name="test_soft_delete_purchase_revokes_stream" time="1.054" /><testcase classname="tests.test_phase4.TestDashboardAndContinue" name="test_continue_learning_and_dashboard" time="2.491" /><testcase classname="tests.test_phase5.TestPaymentConfig" name="test_requires_auth" time="0.096" /><testcase classname="tests.test_phase5.TestPaymentConfig" name="test_config_returns_key_and_mock_flag" time="0.502" /><testcase classname="tests.test_phase5.TestCreateOrder" name="test_order_happy_path_with_breakdown_and_prefill" time="0.596" /><testcase classname="tests.test_phase5.TestCreateOrder" name="test_requires_auth" time="0.197" /><testcase classname="tests.test_phase5.TestCreateOrder" name="test_program_not_found" time="0.100" /><testcase classname="tests.test_phase5.TestCreateOrder" name="test_blocked_by_sequence_gate" time="0.837" /><testcase classname="tests.test_phase5.TestCreateOrder" name="test_blocked_when_already_active" time="0.915" /><testcase classname="tests.test_phase5.TestVerifyPayment" name="test_bad_signature_rejected_and_no_purchase_row" time="0.924" /><testcase classname="tests.test_phase5.TestVerifyPayment" name="test_good_signature_creates_purchase_and_invoice" time="0.813" /><testcase classname="tests.test_phase5.TestVerifyPayment" name="test_verify_idempotent" time="0.845" /><testcase classname="tests.test_phase5.TestPaymentsMeAndInvoice" name="test_me_lists_purchase_and_invoice_pdf_downloads" time="0.869" /><testcase classname="tests.test_phase5.TestSubscription" name="test_subscription_creates_row_and_unlocks_program" time="0.999" /><testcase classname="tests.test_phase5.TestSubscription" name="test_subscription_404_when_program_not_subscription" time="0.605" /><testcase classname="tests.test_phase5.TestWebhook" name="test_mock_signature_accepted" time="0.097" /><testcase classname="tests.test_phase5.TestAdminPayments" name="test_admin_endpoints_require_admin_token" time="0.314" /><testcase classname="tests.test_phase5.TestAdminPayments" name="test_admin_transactions_list_and_filter" time="1.060" /><testcase classname="tests.test_phase5.TestAdminPayments" name="test_admin_summary_shape" time="0.105" /><testcase classname="tests.test_phase5.TestAdminPayments" name="test_admin_refund_and_double_refund_409" time="3.070" /><testcase classname="tests.test_phase5.TestAdminPayments" name="test_admin_settings_roundtrip" time="20.192" /><testcase classname="tests.test_phase5.TestPhase4Regression" name="test_legacy_direct_purchase_still_works" time="1.583" /><testcase classname="tests.test_phase6.TestActivityMeter" name="test_no_subscription_status" time="0.631" /><testcase classname="tests.test_phase6.TestActivityMeter" name="test_yellow_after_subscribe" time="1.931" /><testcase classname="tests.test_phase6.TestActivityMeter" name="test_green_after_4_sessions" time="1.212" /><testcase classname="tests.test_phase6.TestSessionIdempotency" name="test_module_id_dedup_same_cycle" time="0.951" /><testcase classname="tests.test_phase6.TestSessionIdempotency" name="test_manual_without_module_id_each_increments" time="1.287" /><testcase classname="tests.test_phase6.TestAutoLogModule" name="test_module_complete_on_sub_program_creates_session" time="1.069" /><testcase classname="tests.test_phase6.TestAutoLogModule" name="test_non_subscription_module_complete_no_session" time="1.189" /><testcase classname="tests.test_phase6.TestReferralsDashboard" name="test_dashboard_shape" time="0.689" /><testcase classname="tests.test_phase6.TestReferralsDashboard" name="test_team_counts_match_actual" time="2.189" /><testcase classname="tests.test_phase6.TestReferralsDashboard" name="test_qr_dataurl" time="0.619" /><testcase classname="tests.test_phase6.TestReferralsDashboard" name="test_team_by_level" time="2.976" /><testcase classname="tests.test_phase6.TestCommissionEngine" name="test_happy_path_L1" time="2.200" /><testcase classname="tests.test_phase6.TestCommissionEngine" name="test_ineligible_sponsor_rejected" time="1.358" /><testcase classname="tests.test_phase6.TestCommissionEngine" name="test_3_level_chain" time="4.361" /><testcase classname="tests.test_phase6.TestCommissionEngine" name="test_commission_idempotency_on_verify_replay" time="2.098" /><testcase classname="tests.test_phase6.TestGlobalSettings" name="test_override_l1_percent_affects_new_purchase" time="2.269" /><testcase classname="tests.test_phase6.TestAdminCommissions" name="test_admin_list_with_filters" time="0.382" /><testcase classname="tests.test_phase6.TestAdminCommissions" name="test_approve_reject_and_bulk_approve" time="6.894" /><testcase classname="tests.test_phase6.TestAdminCommissions" name="test_admin_summary_shape" time="0.098" /><testcase classname="tests.test_phase6.TestPayouts" name="test_pending_by_user_group" time="3.199" /><testcase classname="tests.test_phase6.TestPayouts" name="test_payout_create_validations" time="4.439" /><testcase classname="tests.test_phase6.TestPayouts" name="test_payout_full_lifecycle" time="2.894" /><testcase classname="tests.test_phase6.TestPayouts" name="test_payout_cancel_clears_payout_id" time="2.456" /><testcase classname="tests.test_phase6.TestPayouts" name="test_user_payouts_only_own" time="2.389" /><testcase classname="tests.test_phase6.TestReports" name="test_all_report_pdfs" time="1.046" /><testcase classname="tests.test_phase6.TestReports" name="test_unknown_report_400" time="0.618" /><testcase classname="tests.test_phase6.TestReferralSettings" name="test_defaults_when_unset" time="0.105" /><testcase classname="tests.test_phase6.TestReferralSettings" name="test_put_roundtrip" time="0.205" /><testcase classname="tests.test_phase6.TestAuthGuards" name="test_user_endpoints_require_jwt" time="0.890" /><testcase classname="tests.test_phase6.TestAuthGuards" name="test_admin_endpoints_reject_user_token" time="1.030" /><testcase classname="tests.test_phase6.TestRedStatus" name="test_red_status_when_subscription_expired" time="0.786" /><testcase classname="tests.test_phase6.TestRegression" name="test_phase5_payment_e2e" time="1.029" /><testcase classname="tests.test_phase6.TestRegression" name="test_phase4_module_and_assessment" time="1.138" /></testsuite></testsuites>