<?xml version="1.0" encoding="utf-8"?><testsuites name="pytest tests"><testsuite name="pytest" errors="0" failures="0" skipped="0" tests="98" time="27.681" timestamp="2026-07-03T07:59:48.538292+00:00" hostname="agent-env-976cce11-b100-48fa-b99d-5983e8b09c7b"><testcase classname="tests.test_phase2.TestCategories" name="test_seeded_defaults_exist" time="1.069" /><testcase classname="tests.backend_test.TestLoginRefresh" name="test_login_success" time="1.111" /><testcase classname="tests.backend_test.TestLoginRefresh" name="test_login_wrong_password" time="0.452" /><testcase classname="tests.test_phase2.TestCategories" name="test_seeded_categories_have_uuid_id_and_fetchable" time="1.540" /><testcase classname="tests.backend_test.TestLoginRefresh" name="test_me_endpoint" time="0.040" /><testcase classname="tests.backend_test.TestLoginRefresh" name="test_me_without_token" time="0.039" /><testcase classname="tests.backend_test.TestLoginRefresh" name="test_refresh_rotation" time="0.397" /><testcase classname="tests.backend_test.TestLoginRefresh" name="test_logout" time="0.387" /><testcase classname="tests.backend_test.TestRegister" name="test_register_happy_path" time="0.000" /><testcase classname="tests.backend_test.TestRegister" name="test_register_without_otp_verification" time="0.081" /><testcase classname="tests.backend_test.TestRegister" name="test_register_invalid_referral" time="0.205" /><testcase classname="tests.test_phase2.TestCategories" name="test_seeded_app_settings_have_uuid_id" time="0.101" /><testcase classname="tests.test_phase2.TestCategories" name="test_admin_create_and_dup_slug" time="1.096" /><testcase classname="tests.backend_test.TestRegister" name="test_register_mismatched_passwords" time="0.123" /><testcase classname="tests.backend_test.TestRegister" name="test_duplicate_mobile_blocked_on_send_otp" time="0.081" /><testcase classname="tests.backend_test.TestAdmin" name="test_admin_login" time="0.289" /><testcase classname="tests.backend_test.TestAdmin" name="test_admin_login_wrong" time="0.303" /><testcase classname="tests.test_phase2.TestCategories" name="test_user_can_list_categories" time="0.101" /><testcase classname="tests.backend_test.TestAdmin" name="test_admin_stats" time="0.368" /><testcase classname="tests.backend_test.TestAdmin" name="test_admin_users_list" time="0.043" /><testcase classname="tests.test_phase2.TestCategories" name="test_user_cannot_create_category" time="0.140" /><testcase classname="tests.backend_test.TestAdmin" name="test_admin_profile" time="0.041" /><testcase classname="tests.test_phase2.TestPrograms" name="test_create_program_happy" time="0.350" /><testcase classname="tests.test_phase2.TestPrograms" name="test_dup_slug_returns_409" time="0.427" /><testcase classname="tests.test_phase4.TestContentToken" name="test_token_and_stream_happy_path" time="1.392" /><testcase classname="tests.test_phase2.TestPrograms" name="test_invalid_category_id_returns_400" time="0.096" /><testcase classname="tests.test_phase2.TestPrograms" name="test_search_filter_sort" time="0.342" /><testcase classname="tests.test_phase2.TestPrograms" name="test_activate_deactivate_delete" time="0.764" /><testcase classname="tests.test_phase4.TestContentToken" name="test_no_resource_url_returns_404" time="0.864" /><testcase classname="tests.backend_test.TestOtp" name="test_send_and_verify_otp" time="0.187" /><testcase classname="tests.backend_test.TestOtp" name="test_verify_invalid_otp" time="0.115" /><testcase classname="tests.test_phase4.TestContentToken" name="test_locked_module_returns_403" time="1.024" /><testcase classname="tests.backend_test.TestOtp" name="test_bad_mobile_format" time="0.281" /><testcase classname="tests.backend_test.TestOtp" name="test_resend_limit_5_per_hour" time="0.317" /><testcase classname="tests.test_phase2.TestAssessments" name="test_correct_index_out_of_range_returns_400" time="0.346" /><testcase classname="tests.test_phase4.TestContentToken" name="test_invalid_token_returns_401" time="0.111" /><testcase classname="tests.test_phase2.TestAssessments" name="test_create_and_duplicate_module" time="0.458" /><testcase classname="tests.test_phase4.TestContentToken" name="test_soft_delete_purchase_revokes_stream" time="1.031" /><testcase classname="tests.test_phase2.TestAssessments" name="test_submit_and_results" time="0.604" /><testcase classname="tests.test_phase2.TestAssessments" name="test_submit_wrong_answer_count" time="0.556" /><testcase classname="tests.test_phase4.TestAssessmentEngine" name="test_attempts_allowed_enforced" time="1.240" /><testcase classname="tests.backend_test.TestHealth" name="test_health" time="0.082" /><testcase classname="tests.backend_test.TestHealth" name="test_root" time="0.043" /><testcase classname="tests.backend_test.TestHealth" name="test_docs" time="0.043" /><testcase classname="tests.backend_test.TestMembership" name="test_validate_company_referral" time="0.045" /><testcase classname="tests.backend_test.TestMembership" name="test_validate_invalid_referral" time="0.043" /><testcase classname="tests.backend_test.TestMembership" name="test_validate_bad_format" time="0.042" /><testcase classname="tests.backend_test.TestUserProfile" name="test_get_profile" time="0.476" /><testcase classname="tests.test_phase4.TestAssessmentEngine" name="test_passed_bypasses_attempt_limit" time="1.224" /><testcase classname="tests.backend_test.TestUserProfile" name="test_update_profile_and_verify" time="0.135" /><testcase classname="tests.backend_test.TestUserProfile" name="test_membership_me" time="0.230" /><testcase classname="tests.test_phase2.TestAppSettings" name="test_public_no_auth_required" time="0.134" /><testcase classname="tests.test_phase2.TestAppSettings" name="test_get_single_app_setting" time="0.090" /><testcase classname="tests.test_phase2.TestAppSettings" name="test_admin_upsert_app_setting" time="0.364" /><testcase classname="tests.test_phase2.TestModules" name="test_create_module_and_duplicate" time="0.380" /><testcase classname="tests.test_phase4.TestAssessmentEngine" name="test_correct_index_stripped_and_meta_present" time="0.916" /><testcase classname="tests.test_phase2.TestModules" name="test_invalid_program_id" time="0.256" /><testcase classname="tests.test_phase2.TestModules" name="test_filter_by_program_id_and_search" time="0.332" /><testcase classname="tests.test_phase2.TestReferralTree" name="test_user_registration_auto_inserts_tree" time="0.728" /><testcase classname="tests.test_phase4.TestAssessmentEngine" name="test_randomize_deterministic_per_attempt" time="1.420" /><testcase classname="tests.test_phase2.TestReferralTree" name="test_downline_and_upline" time="1.836" /><testcase classname="tests.test_phase2.TestReferralTree" name="test_admin_filter_by_level" time="0.098" /><testcase classname="tests.test_phase2.TestPurchases" name="test_create_purchase_and_dup_invoice" time="1.559" /><testcase classname="tests.test_phase2.TestBankDetails" name="test_ifsc_regex" time="0.134" /><testcase classname="tests.test_phase2.TestBankDetails" name="test_upsert_and_verification_reset" time="0.644" /><testcase classname="tests.test_phase2.TestPurchases" name="test_invalid_user_or_program" time="0.096" /><testcase classname="tests.test_phase2.TestPurchases" name="test_user_lists_their_own_purchases" time="0.286" /><testcase classname="tests.test_phase2.TestBankDetails" name="test_admin_list_masks_account_number" time="0.606" /><testcase classname="tests.backend_test.TestRoleGuards" name="test_user_token_cannot_access_admin" time="0.080" /><testcase classname="tests.backend_test.TestRoleGuards" name="test_admin_token_cannot_access_user_profile" time="0.195" /><testcase classname="tests.test_phase2.TestCertificates" name="test_issue_and_dup_number" time="0.338" /><testcase classname="tests.backend_test.TestForgotPassword" name="test_forgot_flow" time="1.367" /><testcase classname="tests.test_phase2.TestCertificates" name="test_me_returns_only_issued" time="1.271" /><testcase classname="tests.backend_test.TestForgotPassword" name="test_forgot_unknown_mobile" time="0.044" /><testcase classname="tests.test_phase2.TestSettings" name="test_user_settings_upsert" time="0.305" /><testcase classname="tests.test_phase2.TestNotifications" name="test_personal_and_broadcast" time="0.563" /><testcase classname="tests.test_phase2.TestSettings" name="test_system_config_admin_only" time="0.325" /><testcase classname="tests.test_phase2.TestNotifications" name="test_admin_filter_broadcast" time="0.104" /><testcase classname="tests.test_phase2.TestProfiles" name="test_get_returns_shape_even_if_empty" time="0.474" /><testcase classname="tests.test_phase2.TestActivityLog" name="test_admin_list_paginated" time="0.295" /><testcase classname="tests.test_phase2.TestActivityLog" name="test_user_only_their_own" time="0.102" /><testcase classname="tests.test_phase2.TestProfiles" name="test_upsert_and_persistence" time="0.198" /><testcase classname="tests.test_phase2.TestPaginationSort" name="test_pagination_metadata" time="0.099" /><testcase classname="tests.test_phase2.TestPaginationSort" name="test_sort_reverses_order" time="0.192" /><testcase classname="tests.test_phase2.TestCrossRoleGuards" name="test_user_cannot_access_admin_routes" time="0.414" /><testcase classname="tests.test_phase2.TestPhase1Regression" name="test_validate_referral_still_works" time="0.048" /><testcase classname="tests.test_phase2.TestPhase1Regression" name="test_admin_login_still_works" time="0.309" /><testcase classname="tests.test_phase2.TestCrossRoleGuards" name="test_admin_cannot_access_user_me_routes" time="0.358" /><testcase classname="tests.test_phase4.TestSequentialUnlock" name="test_unlock_progression_and_block" time="2.449" /><testcase classname="tests.test_phase4.TestSequenceGate" name="test_l2_blocked_until_l1_done" time="2.723" /><testcase classname="tests.test_phase4.TestSequentialUnlock" name="test_no_access_without_purchase" time="0.797" /><testcase classname="tests.test_phase4.TestSequenceGate" name="test_subscription_bypasses_sequence" time="0.946" /><testcase classname="tests.test_phase4.TestProgressCertificate" name="test_idempotent_complete_and_cert_issue" time="1.616" /><testcase classname="tests.test_phase2.TestProgress" name="test_upsert_idempotent" time="0.497" /><testcase classname="tests.test_phase4.TestProgressCertificate" name="test_cert_requires_assessment_pass" time="1.392" /><testcase classname="tests.test_phase4.TestPurchaseCreation" name="test_purchase_creates_expiry_and_invoice" time="1.337" /><testcase classname="tests.test_phase4.TestDashboardAndContinue" name="test_continue_learning_and_dashboard" time="2.183" /><testcase classname="tests.test_phase4.TestValidityEngine" name="test_expire_moves_to_expired_bucket" time="1.159" /></testsuite></testsuites>